#
# A fatal error has been detected by the Java Runtime Environment:
#
#  SIGSEGV (0xb) at pc=0x00007fafd13ad037, pid=6825, tid=6862
#
# JRE version: OpenJDK Runtime Environment (10.0.2+13) (build 10.0.2+13)
# Java VM: OpenJDK 64-Bit Server VM (10.0.2+13, mixed mode, tiered, compressed oops, g1 gc, linux-amd64)
# Problematic frame:
# C  [libGLX_nvidia.so.0+0x53037]
#
# Core dump will be written. Default location: Core dumps may be processed with "/usr/lib/systemd/systemd-coredump %P %u %g %s %t %c %h %e" (or dumping to /home/exa/workspace/swe08/core/assets/core.6825)
#
# If you would like to submit a bug report, please visit:
#   http://bugreport.java.com/bugreport/crash.jsp
# The crash happened outside the Java Virtual Machine in native code.
# See problematic frame for where to report the bug.
#

---------------  S U M M A R Y ------------

Command Line: -Dfile.encoding=UTF-8 -Duser.country=US -Duser.language=en -Duser.variant com.github.lhrb.nemo.desktop.DesktopLauncher

Host: Intel(R) Core(TM) i5-3450 CPU @ 3.10GHz, 4 cores, 7G, Arch Linux
Time: Fri Dec 14 10:52:33 2018 CET elapsed time: 0 seconds (0d 0h 0m 0s)

---------------  T H R E A D  ---------------

Current thread (0x00007fb05c524800):  JavaThread "LWJGL Application" [_thread_in_native, id=6862, stack(0x00007fafd1a9f000,0x00007fafd1ba0000)]

Stack: [0x00007fafd1a9f000,0x00007fafd1ba0000],  sp=0x00007fafd1b9e1a0,  free space=1020k
Native frames: (J=compiled Java code, A=aot compiled Java code, j=interpreted, Vv=VM code, C=native code)
C  [libGLX_nvidia.so.0+0x53037]

Java frames: (J=compiled Java code, j=interpreted, Vv=VM code)
j  org.lwjgl.opengl.LinuxContextImplementation.nCreate(Ljava/nio/ByteBuffer;Ljava/nio/IntBuffer;Ljava/nio/ByteBuffer;)Ljava/nio/ByteBuffer;+0
j  org.lwjgl.opengl.LinuxContextImplementation.create(Lorg/lwjgl/opengl/PeerInfo;Ljava/nio/IntBuffer;Ljava/nio/ByteBuffer;)Ljava/nio/ByteBuffer;+13
j  org.lwjgl.opengl.ContextGL.<init>(Lorg/lwjgl/opengl/PeerInfo;Lorg/lwjgl/opengl/ContextAttribs;Lorg/lwjgl/opengl/ContextGL;)V+103
j  org.lwjgl.opengl.Display.create(Lorg/lwjgl/opengl/PixelFormat;Lorg/lwjgl/opengl/Drawable;Lorg/lwjgl/opengl/ContextAttribs;)V+102
j  org.lwjgl.opengl.Display.create(Lorg/lwjgl/opengl/PixelFormat;)V+12
j  com.badlogic.gdx.backends.lwjgl.LwjglGraphics.createDisplayPixelFormat(ZII)V+243
j  com.badlogic.gdx.backends.lwjgl.LwjglGraphics.setupDisplay()V+575
j  com.badlogic.gdx.backends.lwjgl.LwjglApplication.mainLoop()V+9
j  com.badlogic.gdx.backends.lwjgl.LwjglApplication$1.run()V+27
v  ~StubRoutines::call_stub

siginfo: si_signo: 11 (SIGSEGV), si_code: 1 (SEGV_MAPERR), si_addr: 0x0000000000028870

Register to memory mapping:

RAX=
[error occurred during error reporting (printing register info), id 0xb]

Registers:
RAX=0x00000000ffffffff, RBX=0x00007fafb004c590, RCX=0x00007fafb00008d0, RDX=0x0000000000000000
RSP=0x00007fafd1b9e1a0, RBP=0x0000000000000000, RSI=0x0000000000000001, RDI=0x0000000000000000
R8 =0x0000000000000006, R9 =0x0000000000000005, R10=0x00007fafb0239d80, R11=0x00007fafd140b770
R12=0x0000000000000000, R13=0x0000000000000000, R14=0x00007fafb0041f20, R15=0x0000000000000000
RIP=0x00007fafd13ad037, EFLAGS=0x0000000000010246, CSGSFS=0x002b000000000033, ERR=0x0000000000000004
  TRAPNO=0x000000000000000e

Top of Stack: (sp=0x00007fafd1b9e1a0)
0x00007fafd1b9e1a0:   0000000000000000 0000000000000000
0x00007fafd1b9e1b0:   33fe5c3200000000 0000000000000000
0x00007fafd1b9e1c0:   00007fafd1b9e330 00007fafabff9ce0
0x00007fafd1b9e1d0:   00007fafb0041f20 00007fafb00bc9b0 

Instructions: (pc=0x00007fafd13ad037)
0x00007fafd13ad017:   2d 00 31 f6 48 89 df 48 8b 02 ff 90 58 02 00 00
0x00007fafd13ad027:   48 85 c0 74 d4 3b a8 94 88 02 00 49 89 c4 75 c9
0x00007fafd13ad037:   4d 8b bc 24 70 88 02 00 4c 89 e5 41 80 bf dc 2e
0x00007fafd13ad047:   02 00 00 0f 85 c0 00 00 00 49 63 c5 48 8d 14 c5 


---------------  P R O C E S S  ---------------

Threads class SMR info:
_java_thread_list=0x00007fafb0019e60, length=14, elements={
0x00007fb05c131800, 0x00007fb05c133800, 0x00007fb05c13c800, 0x00007fb05c147000,
0x00007fb05c149000, 0x00007fb05c14b000, 0x00007fb05c14d000, 0x00007fb05c1c9800,
0x00007fb05c1df800, 0x00007fb05c455800, 0x00007fb05c457000, 0x00007fb05c524800,
0x00007fb05c011800, 0x00007fafb001e800
}

Java Threads: ( => current thread )
  0x00007fb05c131800 JavaThread "Reference Handler" daemon [_thread_blocked, id=6844, stack(0x00007fb040cb3000,0x00007fb040db4000)]
  0x00007fb05c133800 JavaThread "Finalizer" daemon [_thread_blocked, id=6845, stack(0x00007fb040bb2000,0x00007fb040cb3000)]
  0x00007fb05c13c800 JavaThread "Signal Dispatcher" daemon [_thread_blocked, id=6846, stack(0x00007fb040779000,0x00007fb04087a000)]
  0x00007fb05c147000 JavaThread "C2 CompilerThread0" daemon [_thread_blocked, id=6847, stack(0x00007fb040678000,0x00007fb040779000)]
  0x00007fb05c149000 JavaThread "C2 CompilerThread1" daemon [_thread_blocked, id=6848, stack(0x00007fb040577000,0x00007fb040678000)]
  0x00007fb05c14b000 JavaThread "C1 CompilerThread2" daemon [_thread_blocked, id=6849, stack(0x00007fb040476000,0x00007fb040577000)]
  0x00007fb05c14d000 JavaThread "Sweeper thread" daemon [_thread_blocked, id=6850, stack(0x00007fb040375000,0x00007fb040476000)]
  0x00007fb05c1c9800 JavaThread "Service Thread" daemon [_thread_blocked, id=6851, stack(0x00007fb040274000,0x00007fb040375000)]
  0x00007fb05c1df800 JavaThread "Common-Cleaner" daemon [_thread_blocked, id=6853, stack(0x00007fb040071000,0x00007fb040172000)]
  0x00007fb05c455800 JavaThread "Java2D Disposer" daemon [_thread_blocked, id=6857, stack(0x00007fafd3eff000,0x00007fafd4000000)]
  0x00007fb05c457000 JavaThread "AWT-XAWT" daemon [_thread_in_native, id=6858, stack(0x00007fafd3dfe000,0x00007fafd3eff000)]
=>0x00007fb05c524800 JavaThread "LWJGL Application" [_thread_in_native, id=6862, stack(0x00007fafd1a9f000,0x00007fafd1ba0000)]
  0x00007fb05c011800 JavaThread "DestroyJavaVM" [_thread_blocked, id=6831, stack(0x00007fb06254e000,0x00007fb06264f000)]
  0x00007fafb001e800 JavaThread "process reaper" daemon [_thread_blocked, id=6864, stack(0x00007fafe44ae000,0x00007fafe44d0000)]

Other Threads:
  0x00007fb05c127800 VMThread "VM Thread" [stack: 0x00007fb040db6000,0x00007fb040eb6000] [id=6843]
  0x00007fb05c1cb800 WatcherThread [stack: 0x00007fb040174000,0x00007fb040274000] [id=6852]
  0x00007fb05c027800 GCTaskThread "GC Thread#0" [stack: 0x00007fb061a24000,0x00007fb061b24000] [id=6832]
  0x00007fb05c029000 GCTaskThread "GC Thread#1" [stack: 0x00007fb061922000,0x00007fb061a22000] [id=6833]
  0x00007fb05c02b000 GCTaskThread "GC Thread#2" [stack: 0x00007fb061820000,0x00007fb061920000] [id=6834]
  0x00007fb05c02c800 GCTaskThread "GC Thread#3" [stack: 0x00007fb06171e000,0x00007fb06181e000] [id=6835]
  0x00007fb05c056000 ConcurrentGCThread "G1 Main Marker" [stack: 0x00007fb0605c0000,0x00007fb0606c0000] [id=6836]
  0x00007fb05c058000 ConcurrentGCThread "G1 Conc#0" [stack: 0x00007fb0604be000,0x00007fb0605be000] [id=6837]
  0x00007fb05c0c0000 ConcurrentGCThread "G1 Refine#0" [stack: 0x00007fb041b36000,0x00007fb041c36000] [id=6838]
  0x00007fb05c0c1800 ConcurrentGCThread "G1 Refine#1" [stack: 0x00007fb041a34000,0x00007fb041b34000] [id=6839]
  0x00007fb05c0c3000 ConcurrentGCThread "G1 Refine#2" [stack: 0x00007fb041932000,0x00007fb041a32000] [id=6840]
  0x00007fb05c0c5000 ConcurrentGCThread "G1 Refine#3" [stack: 0x00007fb041830000,0x00007fb041930000] [id=6841]
  0x00007fb05c0c6800 ConcurrentGCThread "G1 Young RemSet Sampling" [stack: 0x00007fb04172e000,0x00007fb04182e000] [id=6842]

Threads with active compile tasks:

VM state:not at safepoint (normal execution)

VM Mutex/Monitor currently owned by a thread: None

Heap address: 0x0000000084400000, size: 1980 MB, Compressed Oops mode: 32-bit
Narrow klass base: 0x0000000000000000, Narrow klass shift: 3
Compressed class space size: 1073741824 Address: 0x0000000100000000

Heap:
 garbage-first heap   total 126976K, used 10240K [0x0000000084400000, 0x0000000100000000)
  region size 1024K, 11 young (11264K), 0 survivors (0K)
 Metaspace       used 11646K, capacity 11846K, committed 12160K, reserved 1060864K
  class space    used 1033K, capacity 1132K, committed 1152K, reserved 1048576K
Heap Regions: E=young(eden), S=young(survivor), O=old, HS=humongous(starts), HC=humongous(continues), CS=collection set, F=free, A=archive, TS=gc time stamp, AC=allocation context, TAMS=top-at-mark-start (previous, next)
|   0|0x0000000084400000, 0x0000000084400000, 0x0000000084500000|  0%| F|  |TS  0|AC  0|TAMS 0x0000000084400000, 0x0000000084400000|
|   1|0x0000000084500000, 0x0000000084500000, 0x0000000084600000|  0%| F|  |TS  0|AC  0|TAMS 0x0000000084500000, 0x0000000084500000|
|   2|0x0000000084600000, 0x0000000084600000, 0x0000000084700000|  0%| F|  |TS  0|AC  0|TAMS 0x0000000084600000, 0x0000000084600000|
|   3|0x0000000084700000, 0x0000000084700000, 0x0000000084800000|  0%| F|  |TS  0|AC  0|TAMS 0x0000000084700000, 0x0000000084700000|
|   4|0x0000000084800000, 0x0000000084800000, 0x0000000084900000|  0%| F|  |TS  0|AC  0|TAMS 0x0000000084800000, 0x0000000084800000|
|   5|0x0000000084900000, 0x0000000084900000, 0x0000000084a00000|  0%| F|  |TS  0|AC  0|TAMS 0x0000000084900000, 0x0000000084900000|
|   6|0x0000000084a00000, 0x0000000084a00000, 0x0000000084b00000|  0%| F|  |TS  0|AC  0|TAMS 0x0000000084a00000, 0x0000000084a00000|
|   7|0x0000000084b00000, 0x0000000084b00000, 0x0000000084c00000|  0%| F|  |TS  0|AC  0|TAMS 0x0000000084b00000, 0x0000000084b00000|
|   8|0x0000000084c00000, 0x0000000084c00000, 0x0000000084d00000|  0%| F|  |TS  0|AC  0|TAMS 0x0000000084c00000, 0x0000000084c00000|
|   9|0x0000000084d00000, 0x0000000084d00000, 0x0000000084e00000|  0%| F|  |TS  0|AC  0|TAMS 0x0000000084d00000, 0x0000000084d00000|
|  10|0x0000000084e00000, 0x0000000084e00000, 0x0000000084f00000|  0%| F|  |TS  0|AC  0|TAMS 0x0000000084e00000, 0x0000000084e00000|
|  11|0x0000000084f00000, 0x0000000084f00000, 0x0000000085000000|  0%| F|  |TS  0|AC  0|TAMS 0x0000000084f00000, 0x0000000084f00000|
|  12|0x0000000085000000, 0x0000000085000000, 0x0000000085100000|  0%| F|  |TS  0|AC  0|TAMS 0x0000000085000000, 0x0000000085000000|
|  13|0x0000000085100000, 0x0000000085100000, 0x0000000085200000|  0%| F|  |TS  0|AC  0|TAMS 0x0000000085100000, 0x0000000085100000|
|  14|0x0000000085200000, 0x0000000085200000, 0x0000000085300000|  0%| F|  |TS  0|AC  0|TAMS 0x0000000085200000, 0x0000000085200000|
|  15|0x0000000085300000, 0x0000000085300000, 0x0000000085400000|  0%| F|  |TS  0|AC  0|TAMS 0x0000000085300000, 0x0000000085300000|
|  16|0x0000000085400000, 0x0000000085400000, 0x0000000085500000|  0%| F|  |TS  0|AC  0|TAMS 0x0000000085400000, 0x0000000085400000|
|  17|0x0000000085500000, 0x0000000085500000, 0x0000000085600000|  0%| F|  |TS  0|AC  0|TAMS 0x0000000085500000, 0x0000000085500000|
|  18|0x0000000085600000, 0x0000000085600000, 0x0000000085700000|  0%| F|  |TS  0|AC  0|TAMS 0x0000000085600000, 0x0000000085600000|
|  19|0x0000000085700000, 0x0000000085700000, 0x0000000085800000|  0%| F|  |TS  0|AC  0|TAMS 0x0000000085700000, 0x0000000085700000|
|  20|0x0000000085800000, 0x0000000085800000, 0x0000000085900000|  0%| F|  |TS  0|AC  0|TAMS 0x0000000085800000, 0x0000000085800000|
|  21|0x0000000085900000, 0x0000000085900000, 0x0000000085a00000|  0%| F|  |TS  0|AC  0|TAMS 0x0000000085900000, 0x0000000085900000|
|  22|0x0000000085a00000, 0x0000000085a00000, 0x0000000085b00000|  0%| F|  |TS  0|AC  0|TAMS 0x0000000085a00000, 0x0000000085a00000|
|  23|0x0000000085b00000, 0x0000000085b00000, 0x0000000085c00000|  0%| F|  |TS  0|AC  0|TAMS 0x0000000085b00000, 0x0000000085b00000|
|  24|0x0000000085c00000, 0x0000000085c00000, 0x0000000085d00000|  0%| F|  |TS  0|AC  0|TAMS 0x0000000085c00000, 0x0000000085c00000|
|  25|0x0000000085d00000, 0x0000000085d00000, 0x0000000085e00000|  0%| F|  |TS  0|AC  0|TAMS 0x0000000085d00000, 0x0000000085d00000|
|  26|0x0000000085e00000, 0x0000000085e00000, 0x0000000085f00000|  0%| F|  |TS  0|AC  0|TAMS 0x0000000085e00000, 0x0000000085e00000|
|  27|0x0000000085f00000, 0x0000000085f00000, 0x0000000086000000|  0%| F|  |TS  0|AC  0|TAMS 0x0000000085f00000, 0x0000000085f00000|
|  28|0x0000000086000000, 0x0000000086000000, 0x0000000086100000|  0%| F|  |TS  0|AC  0|TAMS 0x0000000086000000, 0x0000000086000000|
|  29|0x0000000086100000, 0x0000000086100000, 0x0000000086200000|  0%| F|  |TS  0|AC  0|TAMS 0x0000000086100000, 0x0000000086100000|
|  30|0x0000000086200000, 0x0000000086200000, 0x0000000086300000|  0%| F|  |TS  0|AC  0|TAMS 0x0000000086200000, 0x0000000086200000|
|  31|0x0000000086300000, 0x0000000086300000, 0x0000000086400000|  0%| F|  |TS  0|AC  0|TAMS 0x0000000086300000, 0x0000000086300000|
|  32|0x0000000086400000, 0x0000000086400000, 0x0000000086500000|  0%| F|  |TS  0|AC  0|TAMS 0x0000000086400000, 0x0000000086400000|
|  33|0x0000000086500000, 0x0000000086500000, 0x0000000086600000|  0%| F|  |TS  0|AC  0|TAMS 0x0000000086500000, 0x0000000086500000|
|  34|0x0000000086600000, 0x0000000086600000, 0x0000000086700000|  0%| F|  |TS  0|AC  0|TAMS 0x0000000086600000, 0x0000000086600000|
|  35|0x0000000086700000, 0x0000000086700000, 0x0000000086800000|  0%| F|  |TS  0|AC  0|TAMS 0x0000000086700000, 0x0000000086700000|
|  36|0x0000000086800000, 0x0000000086800000, 0x0000000086900000|  0%| F|  |TS  0|AC  0|TAMS 0x0000000086800000, 0x0000000086800000|
|  37|0x0000000086900000, 0x0000000086900000, 0x0000000086a00000|  0%| F|  |TS  0|AC  0|TAMS 0x0000000086900000, 0x0000000086900000|
|  38|0x0000000086a00000, 0x0000000086a00000, 0x0000000086b00000|  0%| F|  |TS  0|AC  0|TAMS 0x0000000086a00000, 0x0000000086a00000|
|  39|0x0000000086b00000, 0x0000000086b00000, 0x0000000086c00000|  0%| F|  |TS  0|AC  0|TAMS 0x0000000086b00000, 0x0000000086b00000|
|  40|0x0000000086c00000, 0x0000000086c00000, 0x0000000086d00000|  0%| F|  |TS  0|AC  0|TAMS 0x0000000086c00000, 0x0000000086c00000|
|  41|0x0000000086d00000, 0x0000000086d00000, 0x0000000086e00000|  0%| F|  |TS  0|AC  0|TAMS 0x0000000086d00000, 0x0000000086d00000|
|  42|0x0000000086e00000, 0x0000000086e00000, 0x0000000086f00000|  0%| F|  |TS  0|AC  0|TAMS 0x0000000086e00000, 0x0000000086e00000|
|  43|0x0000000086f00000, 0x0000000086f00000, 0x0000000087000000|  0%| F|  |TS  0|AC  0|TAMS 0x0000000086f00000, 0x0000000086f00000|
|  44|0x0000000087000000, 0x0000000087000000, 0x0000000087100000|  0%| F|  |TS  0|AC  0|TAMS 0x0000000087000000, 0x0000000087000000|
|  45|0x0000000087100000, 0x0000000087100000, 0x0000000087200000|  0%| F|  |TS  0|AC  0|TAMS 0x0000000087100000, 0x0000000087100000|
|  46|0x0000000087200000, 0x0000000087200000, 0x0000000087300000|  0%| F|  |TS  0|AC  0|TAMS 0x0000000087200000, 0x0000000087200000|
|  47|0x0000000087300000, 0x0000000087300000, 0x0000000087400000|  0%| F|  |TS  0|AC  0|TAMS 0x0000000087300000, 0x0000000087300000|
|  48|0x0000000087400000, 0x0000000087400000, 0x0000000087500000|  0%| F|  |TS  0|AC  0|TAMS 0x0000000087400000, 0x0000000087400000|
|  49|0x0000000087500000, 0x0000000087500000, 0x0000000087600000|  0%| F|  |TS  0|AC  0|TAMS 0x0000000087500000, 0x0000000087500000|
|  50|0x0000000087600000, 0x0000000087600000, 0x0000000087700000|  0%| F|  |TS  0|AC  0|TAMS 0x0000000087600000, 0x0000000087600000|
|  51|0x0000000087700000, 0x0000000087700000, 0x0000000087800000|  0%| F|  |TS  0|AC  0|TAMS 0x0000000087700000, 0x0000000087700000|
|  52|0x0000000087800000, 0x0000000087800000, 0x0000000087900000|  0%| F|  |TS  0|AC  0|TAMS 0x0000000087800000, 0x0000000087800000|
|  53|0x0000000087900000, 0x0000000087900000, 0x0000000087a00000|  0%| F|  |TS  0|AC  0|TAMS 0x0000000087900000, 0x0000000087900000|
|  54|0x0000000087a00000, 0x0000000087a00000, 0x0000000087b00000|  0%| F|  |TS  0|AC  0|TAMS 0x0000000087a00000, 0x0000000087a00000|
|  55|0x0000000087b00000, 0x0000000087b00000, 0x0000000087c00000|  0%| F|  |TS  0|AC  0|TAMS 0x0000000087b00000, 0x0000000087b00000|
|  56|0x0000000087c00000, 0x0000000087c00000, 0x0000000087d00000|  0%| F|  |TS  0|AC  0|TAMS 0x0000000087c00000, 0x0000000087c00000|
|  57|0x0000000087d00000, 0x0000000087d00000, 0x0000000087e00000|  0%| F|  |TS  0|AC  0|TAMS 0x0000000087d00000, 0x0000000087d00000|
|  58|0x0000000087e00000, 0x0000000087e00000, 0x0000000087f00000|  0%| F|  |TS  0|AC  0|TAMS 0x0000000087e00000, 0x0000000087e00000|
|  59|0x0000000087f00000, 0x0000000087f00000, 0x0000000088000000|  0%| F|  |TS  0|AC  0|TAMS 0x0000000087f00000, 0x0000000087f00000|
|  60|0x0000000088000000, 0x0000000088000000, 0x0000000088100000|  0%| F|  |TS  0|AC  0|TAMS 0x0000000088000000, 0x0000000088000000|
|  61|0x0000000088100000, 0x0000000088100000, 0x0000000088200000|  0%| F|  |TS  0|AC  0|TAMS 0x0000000088100000, 0x0000000088100000|
|  62|0x0000000088200000, 0x0000000088200000, 0x0000000088300000|  0%| F|  |TS  0|AC  0|TAMS 0x0000000088200000, 0x0000000088200000|
|  63|0x0000000088300000, 0x0000000088300000, 0x0000000088400000|  0%| F|  |TS  0|AC  0|TAMS 0x0000000088300000, 0x0000000088300000|
|  64|0x0000000088400000, 0x0000000088400000, 0x0000000088500000|  0%| F|  |TS  0|AC  0|TAMS 0x0000000088400000, 0x0000000088400000|
|  65|0x0000000088500000, 0x0000000088500000, 0x0000000088600000|  0%| F|  |TS  0|AC  0|TAMS 0x0000000088500000, 0x0000000088500000|
|  66|0x0000000088600000, 0x0000000088600000, 0x0000000088700000|  0%| F|  |TS  0|AC  0|TAMS 0x0000000088600000, 0x0000000088600000|
|  67|0x0000000088700000, 0x0000000088700000, 0x0000000088800000|  0%| F|  |TS  0|AC  0|TAMS 0x0000000088700000, 0x0000000088700000|
|  68|0x0000000088800000, 0x0000000088800000, 0x0000000088900000|  0%| F|  |TS  0|AC  0|TAMS 0x0000000088800000, 0x0000000088800000|
|  69|0x0000000088900000, 0x0000000088900000, 0x0000000088a00000|  0%| F|  |TS  0|AC  0|TAMS 0x0000000088900000, 0x0000000088900000|
|  70|0x0000000088a00000, 0x0000000088a00000, 0x0000000088b00000|  0%| F|  |TS  0|AC  0|TAMS 0x0000000088a00000, 0x0000000088a00000|
|  71|0x0000000088b00000, 0x0000000088b00000, 0x0000000088c00000|  0%| F|  |TS  0|AC  0|TAMS 0x0000000088b00000, 0x0000000088b00000|
|  72|0x0000000088c00000, 0x0000000088c00000, 0x0000000088d00000|  0%| F|  |TS  0|AC  0|TAMS 0x0000000088c00000, 0x0000000088c00000|
|  73|0x0000000088d00000, 0x0000000088d00000, 0x0000000088e00000|  0%| F|  |TS  0|AC  0|TAMS 0x0000000088d00000, 0x0000000088d00000|
|  74|0x0000000088e00000, 0x0000000088e00000, 0x0000000088f00000|  0%| F|  |TS  0|AC  0|TAMS 0x0000000088e00000, 0x0000000088e00000|
|  75|0x0000000088f00000, 0x0000000088f00000, 0x0000000089000000|  0%| F|  |TS  0|AC  0|TAMS 0x0000000088f00000, 0x0000000088f00000|
|  76|0x0000000089000000, 0x0000000089000000, 0x0000000089100000|  0%| F|  |TS  0|AC  0|TAMS 0x0000000089000000, 0x0000000089000000|
|  77|0x0000000089100000, 0x0000000089100000, 0x0000000089200000|  0%| F|  |TS  0|AC  0|TAMS 0x0000000089100000, 0x0000000089100000|
|  78|0x0000000089200000, 0x0000000089200000, 0x0000000089300000|  0%| F|  |TS  0|AC  0|TAMS 0x0000000089200000, 0x0000000089200000|
|  79|0x0000000089300000, 0x0000000089300000, 0x0000000089400000|  0%| F|  |TS  0|AC  0|TAMS 0x0000000089300000, 0x0000000089300000|
|  80|0x0000000089400000, 0x0000000089400000, 0x0000000089500000|  0%| F|  |TS  0|AC  0|TAMS 0x0000000089400000, 0x0000000089400000|
|  81|0x0000000089500000, 0x0000000089500000, 0x0000000089600000|  0%| F|  |TS  0|AC  0|TAMS 0x0000000089500000, 0x0000000089500000|
|  82|0x0000000089600000, 0x0000000089600000, 0x0000000089700000|  0%| F|  |TS  0|AC  0|TAMS 0x0000000089600000, 0x0000000089600000|
|  83|0x0000000089700000, 0x0000000089700000, 0x0000000089800000|  0%| F|  |TS  0|AC  0|TAMS 0x0000000089700000, 0x0000000089700000|
|  84|0x0000000089800000, 0x0000000089800000, 0x0000000089900000|  0%| F|  |TS  0|AC  0|TAMS 0x0000000089800000, 0x0000000089800000|
|  85|0x0000000089900000, 0x0000000089900000, 0x0000000089a00000|  0%| F|  |TS  0|AC  0|TAMS 0x0000000089900000, 0x0000000089900000|
|  86|0x0000000089a00000, 0x0000000089a00000, 0x0000000089b00000|  0%| F|  |TS  0|AC  0|TAMS 0x0000000089a00000, 0x0000000089a00000|
|  87|0x0000000089b00000, 0x0000000089b00000, 0x0000000089c00000|  0%| F|  |TS  0|AC  0|TAMS 0x0000000089b00000, 0x0000000089b00000|
|  88|0x0000000089c00000, 0x0000000089c00000, 0x0000000089d00000|  0%| F|  |TS  0|AC  0|TAMS 0x0000000089c00000, 0x0000000089c00000|
|  89|0x0000000089d00000, 0x0000000089d00000, 0x0000000089e00000|  0%| F|  |TS  0|AC  0|TAMS 0x0000000089d00000, 0x0000000089d00000|
|  90|0x0000000089e00000, 0x0000000089e00000, 0x0000000089f00000|  0%| F|  |TS  0|AC  0|TAMS 0x0000000089e00000, 0x0000000089e00000|
|  91|0x0000000089f00000, 0x0000000089f00000, 0x000000008a000000|  0%| F|  |TS  0|AC  0|TAMS 0x0000000089f00000, 0x0000000089f00000|
|  92|0x000000008a000000, 0x000000008a000000, 0x000000008a100000|  0%| F|  |TS  0|AC  0|TAMS 0x000000008a000000, 0x000000008a000000|
|  93|0x000000008a100000, 0x000000008a100000, 0x000000008a200000|  0%| F|  |TS  0|AC  0|TAMS 0x000000008a100000, 0x000000008a100000|
|  94|0x000000008a200000, 0x000000008a200000, 0x000000008a300000|  0%| F|  |TS  0|AC  0|TAMS 0x000000008a200000, 0x000000008a200000|
|  95|0x000000008a300000, 0x000000008a300000, 0x000000008a400000|  0%| F|  |TS  0|AC  0|TAMS 0x000000008a300000, 0x000000008a300000|
|  96|0x000000008a400000, 0x000000008a400000, 0x000000008a500000|  0%| F|  |TS  0|AC  0|TAMS 0x000000008a400000, 0x000000008a400000|
|  97|0x000000008a500000, 0x000000008a500000, 0x000000008a600000|  0%| F|  |TS  0|AC  0|TAMS 0x000000008a500000, 0x000000008a500000|
|  98|0x000000008a600000, 0x000000008a600000, 0x000000008a700000|  0%| F|  |TS  0|AC  0|TAMS 0x000000008a600000, 0x000000008a600000|
|  99|0x000000008a700000, 0x000000008a700000, 0x000000008a800000|  0%| F|  |TS  0|AC  0|TAMS 0x000000008a700000, 0x000000008a700000|
| 100|0x000000008a800000, 0x000000008a800000, 0x000000008a900000|  0%| F|  |TS  0|AC  0|TAMS 0x000000008a800000, 0x000000008a800000|
| 101|0x000000008a900000, 0x000000008a900000, 0x000000008aa00000|  0%| F|  |TS  0|AC  0|TAMS 0x000000008a900000, 0x000000008a900000|
| 102|0x000000008aa00000, 0x000000008aa00000, 0x000000008ab00000|  0%| F|  |TS  0|AC  0|TAMS 0x000000008aa00000, 0x000000008aa00000|
| 103|0x000000008ab00000, 0x000000008ab00000, 0x000000008ac00000|  0%| F|  |TS  0|AC  0|TAMS 0x000000008ab00000, 0x000000008ab00000|
| 104|0x000000008ac00000, 0x000000008ac00000, 0x000000008ad00000|  0%| F|  |TS  0|AC  0|TAMS 0x000000008ac00000, 0x000000008ac00000|
| 105|0x000000008ad00000, 0x000000008ad00000, 0x000000008ae00000|  0%| F|  |TS  0|AC  0|TAMS 0x000000008ad00000, 0x000000008ad00000|
| 106|0x000000008ae00000, 0x000000008ae00000, 0x000000008af00000|  0%| F|  |TS  0|AC  0|TAMS 0x000000008ae00000, 0x000000008ae00000|
| 107|0x000000008af00000, 0x000000008af00000, 0x000000008b000000|  0%| F|  |TS  0|AC  0|TAMS 0x000000008af00000, 0x000000008af00000|
| 108|0x000000008b000000, 0x000000008b000000, 0x000000008b100000|  0%| F|  |TS  0|AC  0|TAMS 0x000000008b000000, 0x000000008b000000|
| 109|0x000000008b100000, 0x000000008b100000, 0x000000008b200000|  0%| F|  |TS  0|AC  0|TAMS 0x000000008b100000, 0x000000008b100000|
| 110|0x000000008b200000, 0x000000008b200000, 0x000000008b300000|  0%| F|  |TS  0|AC  0|TAMS 0x000000008b200000, 0x000000008b200000|
| 111|0x000000008b300000, 0x000000008b300000, 0x000000008b400000|  0%| F|  |TS  0|AC  0|TAMS 0x000000008b300000, 0x000000008b300000|
| 112|0x000000008b400000, 0x000000008b400000, 0x000000008b500000|  0%| F|  |TS  0|AC  0|TAMS 0x000000008b400000, 0x000000008b400000|
| 113|0x000000008b500000, 0x000000008b549d40, 0x000000008b600000| 28%| E|  |TS  0|AC  0|TAMS 0x000000008b500000, 0x000000008b500000|
| 114|0x000000008b600000, 0x000000008b700000, 0x000000008b700000|100%| E|CS|TS  0|AC  0|TAMS 0x000000008b600000, 0x000000008b600000|
| 115|0x000000008b700000, 0x000000008b800000, 0x000000008b800000|100%| E|CS|TS  0|AC  0|TAMS 0x000000008b700000, 0x000000008b700000|
| 116|0x000000008b800000, 0x000000008b900000, 0x000000008b900000|100%| E|CS|TS  0|AC  0|TAMS 0x000000008b800000, 0x000000008b800000|
| 117|0x000000008b900000, 0x000000008ba00000, 0x000000008ba00000|100%| E|CS|TS  0|AC  0|TAMS 0x000000008b900000, 0x000000008b900000|
| 118|0x000000008ba00000, 0x000000008bb00000, 0x000000008bb00000|100%| E|CS|TS  0|AC  0|TAMS 0x000000008ba00000, 0x000000008ba00000|
| 119|0x000000008bb00000, 0x000000008bc00000, 0x000000008bc00000|100%| E|CS|TS  0|AC  0|TAMS 0x000000008bb00000, 0x000000008bb00000|
| 120|0x000000008bc00000, 0x000000008bd00000, 0x000000008bd00000|100%| E|CS|TS  0|AC  0|TAMS 0x000000008bc00000, 0x000000008bc00000|
| 121|0x000000008bd00000, 0x000000008be00000, 0x000000008be00000|100%| E|CS|TS  0|AC  0|TAMS 0x000000008bd00000, 0x000000008bd00000|
| 122|0x000000008be00000, 0x000000008bf00000, 0x000000008bf00000|100%| E|CS|TS  0|AC  0|TAMS 0x000000008be00000, 0x000000008be00000|
| 123|0x000000008bf00000, 0x000000008c000000, 0x000000008c000000|100%| E|CS|TS  0|AC  0|TAMS 0x000000008bf00000, 0x000000008bf00000|

Card table byte_map: [0x00007fb060b5c000,0x00007fb060f3a000] byte_map_base: 0x00007fb06073a000

Marking Bits (Prev, Next): (CMBitMap*) 0x00007fb05c055470, (CMBitMap*) 0x00007fb05c0554a8
 Prev Bits: [0x00007fb041c36000, 0x00007fb043b26000)
 Next Bits: [0x00007fb032110000, 0x00007fb034000000)

Polling page: 0x00007fb064043000

CodeHeap 'non-profiled nmethods': size=120032Kb used=285Kb max_used=285Kb free=119746Kb
 bounds [0x00007fb04b5ee000, 0x00007fb04b85e000, 0x00007fb052b26000]
CodeHeap 'profiled nmethods': size=120032Kb used=1189Kb max_used=1189Kb free=118842Kb
 bounds [0x00007fb0440b6000, 0x00007fb044326000, 0x00007fb04b5ee000]
CodeHeap 'non-nmethods': size=5696Kb used=1157Kb max_used=1168Kb free=4538Kb
 bounds [0x00007fb043b26000, 0x00007fb043d96000, 0x00007fb0440b6000]
 total_blobs=1466 nmethods=779 adapters=446
 compilation: enabled

Compilation events (10 events):
Event: 0.898 Thread 0x00007fb05c14b000 nmethod 776 0x00007fb0441dc890 code [0x00007fb0441dca60, 0x00007fb0441dccd0]
Event: 0.898 Thread 0x00007fb05c14b000  775       3       java.nio.DirectByteBuffer::put (17 bytes)
Event: 0.898 Thread 0x00007fb05c147000 nmethod 777 0x00007fb04b635510 code [0x00007fb04b6356a0, 0x00007fb04b6356f8]
Event: 0.898 Thread 0x00007fb05c14b000 nmethod 775 0x00007fb0441dce10 code [0x00007fb0441dd000, 0x00007fb0441dd368]
Event: 0.899 Thread 0x00007fb05c14b000  778       3       java.lang.ClassLoader::loadClass (7 bytes)
Event: 0.899 Thread 0x00007fb05c14b000 nmethod 778 0x00007fb0441dd510 code [0x00007fb0441dd6c0, 0x00007fb0441dd8c8]
Event: 0.899 Thread 0x00007fb05c14b000  779       3       jdk.internal.loader.ClassLoaders$AppClassLoader::loadClass (40 bytes)
Event: 0.900 Thread 0x00007fb05c14b000 nmethod 779 0x00007fb0441dd990 code [0x00007fb0441ddbe0, 0x00007fb0441de4d8]
Event: 0.900 Thread 0x00007fb05c14b000  780       3       java.lang.StringCoding::encodeUTF8 (132 bytes)
Event: 0.901 Thread 0x00007fb05c14b000 nmethod 780 0x00007fb0441de810 code [0x00007fb0441dea60, 0x00007fb0441df398]

GC Heap History (0 events):
No events

Deoptimization events (3 events):
Event: 0.064 Thread 0x00007fb05c011800 Uncommon trap: reason=unstable_if action=reinterpret pc=0x00007fb04b5f3568 method=java.lang.String.hashCode()I @ 14 c2
Event: 0.590 Thread 0x00007fb05c524800 Uncommon trap: reason=unstable_if action=reinterpret pc=0x00007fb04b60f974 method=java.lang.StringLatin1.replace([BCC)Ljava/lang/String; @ 19 c2
Event: 0.590 Thread 0x00007fb05c524800 Uncommon trap: reason=unstable_if action=reinterpret pc=0x00007fb04b628c24 method=jdk.internal.org.objectweb.asm.Type.getArgumentsAndReturnSizes(Ljava/lang/String;)I @ 88 c2

Classes redefined (0 events):
No events

Internal exceptions (10 events):
Event: 0.541 Thread 0x00007fb05c011800 Exception <a 'java/security/PrivilegedActionException'{0x000000008b81e620}> (0x000000008b81e620) thrown at [/build/java10-openjdk/src/jdk10u-jdk-10.0.2+13/src/hotspot/share/prims/jvm.cpp, line 1345]
Event: 0.541 Thread 0x00007fb05c011800 Exception <a 'java/security/PrivilegedActionException'{0x000000008b81f1e0}> (0x000000008b81f1e0) thrown at [/build/java10-openjdk/src/jdk10u-jdk-10.0.2+13/src/hotspot/share/prims/jvm.cpp, line 1345]
Event: 0.541 Thread 0x00007fb05c011800 Exception <a 'java/security/PrivilegedActionException'{0x000000008b81fd60}> (0x000000008b81fd60) thrown at [/build/java10-openjdk/src/jdk10u-jdk-10.0.2+13/src/hotspot/share/prims/jvm.cpp, line 1345]
Event: 0.588 Thread 0x00007fb05c524800 Exception <a 'java/lang/NoSuchMethodError'{0x000000008b60f298}: method resolution failed> (0x000000008b60f298) thrown at [/build/java10-openjdk/src/jdk10u-jdk-10.0.2+13/src/hotspot/share/prims/methodHandles.cpp, line 1226]
Event: 0.589 Thread 0x00007fb05c524800 Exception <a 'java/lang/NoSuchMethodError'{0x000000008b612970}: java.lang.invoke.DirectMethodHandle$Holder.invokeStaticInit(Ljava/lang/Object;Ljava/lang/Object;JLjava/lang/Object;)Ljava/lang/Object;> (0x000000008b612970) thrown at [/build/java10-openjdk/s
Event: 0.589 Thread 0x00007fb05c524800 Exception <a 'java/lang/NoSuchMethodError'{0x000000008b618a18}: java.lang.invoke.DirectMethodHandle$Holder.invokeStatic(Ljava/lang/Object;Ljava/lang/Object;J)Ljava/lang/Object;> (0x000000008b618a18) thrown at [/build/java10-openjdk/src/jdk10u-jdk-10.0.2+1
Event: 0.589 Thread 0x00007fb05c524800 Exception <a 'java/lang/NoSuchMethodError'{0x000000008b61bff8}: method resolution failed> (0x000000008b61bff8) thrown at [/build/java10-openjdk/src/jdk10u-jdk-10.0.2+13/src/hotspot/share/prims/methodHandles.cpp, line 1226]
Event: 0.591 Thread 0x00007fb05c524800 Exception <a 'java/lang/NoSuchMethodError'{0x000000008b625e28}: java.lang.invoke.DirectMethodHandle$Holder.invokeStatic(Ljava/lang/Object;Ljava/lang/Object;Ljava/lang/Object;I)Ljava/lang/Object;> (0x000000008b625e28) thrown at [/build/java10-openjdk/src/j
Event: 0.591 Thread 0x00007fb05c524800 Exception <a 'java/lang/NoSuchMethodError'{0x000000008b629928}: java.lang.invoke.DirectMethodHandle$Holder.invokeSpecial(Ljava/lang/Object;Ljava/lang/Object;Ljava/lang/Object;Ljava/lang/Object;I)Ljava/lang/Object;> (0x000000008b629928) thrown at [/build/j
Event: 0.598 Thread 0x00007fb05c524800 Exception <a 'java/lang/NoClassDefFoundError'{0x000000008b696378}: org/lwjgl/opengles/GLContext> (0x000000008b696378) thrown at [/build/java10-openjdk/src/jdk10u-jdk-10.0.2+13/src/hotspot/share/classfile/systemDictionary.cpp, line 222]

Events (10 events):
Event: 0.876 loading class org/lwjgl/opengl/LinuxKeyboard
Event: 0.876 loading class org/lwjgl/opengl/LinuxKeyboard done
Event: 0.899 loading class org/lwjgl/opengl/ContextGL
Event: 0.899 loading class org/lwjgl/opengl/ContextGL done
Event: 0.899 loading class org/lwjgl/opengl/ContextImplementation
Event: 0.899 loading class org/lwjgl/opengl/ContextImplementation done
Event: 0.900 loading class org/lwjgl/opengl/LinuxContextImplementation
Event: 0.900 loading class org/lwjgl/opengl/LinuxContextImplementation done
Event: 0.900 Thread 0x00007fb05c524800 DEOPT PACKING pc=0x00007fb0440fa67f sp=0x00007fafd1b9d420
Event: 0.900 Thread 0x00007fb05c524800 DEOPT UNPACKING pc=0x00007fb043b4dd3a sp=0x00007fafd1b9c8a8 mode 0


Dynamic libraries:
84400000-8c000000 rw-p 00000000 00:00 0 
8c000000-100000000 ---p 00000000 00:00 0 
100000000-100120000 rw-p 00000000 00:00 0 
100120000-140000000 ---p 00000000 00:00 0 
56101949c000-56101949d000 r-xp 00000000 08:02 3813280                    /usr/lib/jvm/java-10-openjdk/bin/java
56101969c000-56101969d000 r--p 00000000 08:02 3813280                    /usr/lib/jvm/java-10-openjdk/bin/java
56101969d000-56101969e000 rw-p 00001000 08:02 3813280                    /usr/lib/jvm/java-10-openjdk/bin/java
56101a69e000-56101a6bf000 rw-p 00000000 00:00 0                          [heap]
7fafaa3d4000-7fafab5b2000 r-xp 00000000 08:02 3706567                    /usr/lib/libnvidia-glcore.so.415.22
7fafab5b2000-7fafab5d3000 rwxp 011de000 08:02 3706567                    /usr/lib/libnvidia-glcore.so.415.22
7fafab5d3000-7fafabac7000 r-xp 011ff000 08:02 3706567                    /usr/lib/libnvidia-glcore.so.415.22
7fafabac7000-7fafabcc7000 ---p 016f3000 08:02 3706567                    /usr/lib/libnvidia-glcore.so.415.22
7fafabcc7000-7fafabfea000 rw-p 016f3000 08:02 3706567                    /usr/lib/libnvidia-glcore.so.415.22
7fafabfea000-7fafac000000 rw-p 00000000 00:00 0 
7fafac000000-7fafac021000 rw-p 00000000 00:00 0 
7fafac021000-7fafb0000000 ---p 00000000 00:00 0 
7fafb0000000-7fafb03c9000 rw-p 00000000 00:00 0 
7fafb03c9000-7fafb4000000 ---p 00000000 00:00 0 
7fafb4000000-7fafb8000000 rw-s 00000000 00:05 139939                     /memfd:pulseaudio (deleted)
7fafb8000000-7fafbc000000 rw-s 00000000 00:05 15340                      /memfd:pulseaudio (deleted)
7fafbc000000-7fafc0000000 rw-s 00000000 00:05 137163                     /memfd:pulseaudio (deleted)
7fafc0000000-7fafc0021000 rw-p 00000000 00:00 0 
7fafc0021000-7fafc4000000 ---p 00000000 00:00 0 
7fafc4000000-7fafc4021000 rw-p 00000000 00:00 0 
7fafc4021000-7fafc8000000 ---p 00000000 00:00 0 
7fafc8000000-7fafcc000000 rw-s 00000000 00:05 137163                     /memfd:pulseaudio (deleted)
7fafcc000000-7fafcc021000 rw-p 00000000 00:00 0 
7fafcc021000-7fafd0000000 ---p 00000000 00:00 0 
7fafd1156000-7fafd1159000 r-xp 00000000 08:02 3708466                    /usr/lib/libnvidia-tls.so.415.22
7fafd1159000-7fafd1359000 ---p 00003000 08:02 3708466                    /usr/lib/libnvidia-tls.so.415.22
7fafd1359000-7fafd135a000 rw-p 00003000 08:02 3708466                    /usr/lib/libnvidia-tls.so.415.22
7fafd135a000-7fafd1424000 r-xp 00000000 08:02 3698058                    /usr/lib/libGLX_nvidia.so.415.22
7fafd1424000-7fafd1459000 rwxp 000ca000 08:02 3698058                    /usr/lib/libGLX_nvidia.so.415.22
7fafd1459000-7fafd146d000 r-xp 000ff000 08:02 3698058                    /usr/lib/libGLX_nvidia.so.415.22
7fafd146d000-7fafd166c000 ---p 00113000 08:02 3698058                    /usr/lib/libGLX_nvidia.so.415.22
7fafd166c000-7fafd1692000 rw-p 00112000 08:02 3698058                    /usr/lib/libGLX_nvidia.so.415.22
7fafd1692000-7fafd1699000 rw-p 00000000 00:00 0 
7fafd16cb000-7fafd16eb000 rw-s 00000000 08:02 1048813                    /home/exa/#1048813 (deleted)
7fafd16eb000-7fafd172b000 r--p 00000000 08:02 3698558                    /usr/lib/libGLdispatch.so.0.0.0
7fafd172b000-7fafd1749000 r-xp 00040000 08:02 3698558                    /usr/lib/libGLdispatch.so.0.0.0
7fafd1749000-7fafd175c000 r--p 0005e000 08:02 3698558                    /usr/lib/libGLdispatch.so.0.0.0
7fafd175c000-7fafd175d000 ---p 00071000 08:02 3698558                    /usr/lib/libGLdispatch.so.0.0.0
7fafd175d000-7fafd1786000 r--p 00071000 08:02 3698558                    /usr/lib/libGLdispatch.so.0.0.0
7fafd1786000-7fafd1787000 rw-p 0009a000 08:02 3698558                    /usr/lib/libGLdispatch.so.0.0.0
7fafd1787000-7fafd17a7000 rw-p 00000000 00:00 0 
7fafd17a7000-7fafd17aa000 r--p 00000000 08:02 3698555                    /usr/lib/libGLX.so.0.0.0
7fafd17aa000-7fafd17b4000 r-xp 00003000 08:02 3698555                    /usr/lib/libGLX.so.0.0.0
7fafd17b4000-7fafd17b7000 r--p 0000d000 08:02 3698555                    /usr/lib/libGLX.so.0.0.0
7fafd17b7000-7fafd17b8000 ---p 00010000 08:02 3698555                    /usr/lib/libGLX.so.0.0.0
7fafd17b8000-7fafd17b9000 r--p 00010000 08:02 3698555                    /usr/lib/libGLX.so.0.0.0
7fafd17b9000-7fafd17ba000 rw-p 00011000 08:02 3698555                    /usr/lib/libGLX.so.0.0.0
7fafd17ba000-7fafd17da000 rw-p 00000000 00:00 0 
7fafd17da000-7fafd181c000 r--p 00000000 08:02 3698546                    /usr/lib/libGL.so.1.7.0
7fafd181c000-7fafd183b000 r-xp 00042000 08:02 3698546                    /usr/lib/libGL.so.1.7.0
7fafd183b000-7fafd1850000 r--p 00061000 08:02 3698546                    /usr/lib/libGL.so.1.7.0
7fafd1850000-7fafd186b000 r--p 00075000 08:02 3698546                    /usr/lib/libGL.so.1.7.0
7fafd186b000-7fafd186c000 rw-p 00090000 08:02 3698546                    /usr/lib/libGL.so.1.7.0
7fafd186c000-7fafd186d000 rw-p 00000000 00:00 0 
7fafd187f000-7fafd189f000 r-xs 00000000 08:02 1048813                    /home/exa/#1048813 (deleted)
7fafd189f000-7fafd195f000 rw-p 00000000 00:00 0 
7fafd195f000-7fafd1a9f000 ---p 00000000 00:00 0 
7fafd1a9f000-7fafd1aa3000 ---p 00000000 00:00 0 
7fafd1aa3000-7fafd1ba0000 rw-p 00000000 00:00 0 
7fafd1ba0000-7fafd1ba1000 ---p 00000000 00:00 0 
7fafd1ba1000-7fafd1ca1000 rw-p 00000000 00:00 0 
7fafd1ca1000-7fafd1ca2000 ---p 00000000 00:00 0 
7fafd1ca2000-7fafd24a2000 rw-p 00000000 00:00 0 
7fafd24a2000-7fafd24a6000 r--p 00000000 08:02 3682136                    /usr/lib/libgpg-error.so.0.25.0
7fafd24a6000-7fafd24b8000 r-xp 00004000 08:02 3682136                    /usr/lib/libgpg-error.so.0.25.0
7fafd24b8000-7fafd24c1000 r--p 00016000 08:02 3682136                    /usr/lib/libgpg-error.so.0.25.0
7fafd24c1000-7fafd24c2000 ---p 0001f000 08:02 3682136                    /usr/lib/libgpg-error.so.0.25.0
7fafd24c2000-7fafd24c3000 r--p 0001f000 08:02 3682136                    /usr/lib/libgpg-error.so.0.25.0
7fafd24c3000-7fafd24c4000 rw-p 00020000 08:02 3682136                    /usr/lib/libgpg-error.so.0.25.0
7fafd24c4000-7fafd2551000 r-xp 00000000 08:02 3700334                    /usr/lib/libvorbisenc.so.2.0.11
7fafd2551000-7fafd2750000 ---p 0008d000 08:02 3700334                    /usr/lib/libvorbisenc.so.2.0.11
7fafd2750000-7fafd276c000 r--p 0008c000 08:02 3700334                    /usr/lib/libvorbisenc.so.2.0.11
7fafd276c000-7fafd276d000 rw-p 000a8000 08:02 3700334                    /usr/lib/libvorbisenc.so.2.0.11
7fafd276d000-7fafd2797000 r-xp 00000000 08:02 3700332                    /usr/lib/libvorbis.so.0.4.8
7fafd2797000-7fafd2997000 ---p 0002a000 08:02 3700332                    /usr/lib/libvorbis.so.0.4.8
7fafd2997000-7fafd2998000 r--p 0002a000 08:02 3700332                    /usr/lib/libvorbis.so.0.4.8
7fafd2998000-7fafd2999000 rw-p 0002b000 08:02 3700332                    /usr/lib/libvorbis.so.0.4.8
7fafd2999000-7fafd299e000 r-xp 00000000 08:02 3700328                    /usr/lib/libogg.so.0.8.3
7fafd299e000-7fafd2b9e000 ---p 00005000 08:02 3700328                    /usr/lib/libogg.so.0.8.3
7fafd2b9e000-7fafd2b9f000 r--p 00005000 08:02 3700328                    /usr/lib/libogg.so.0.8.3
7fafd2b9f000-7fafd2ba0000 rw-p 00006000 08:02 3700328                    /usr/lib/libogg.so.0.8.3
7fafd2ba0000-7fafd2ba9000 r--p 00000000 08:02 3702021                    /usr/lib/libFLAC.so.8.3.0
7fafd2ba9000-7fafd2bfd000 r-xp 00009000 08:02 3702021                    /usr/lib/libFLAC.so.8.3.0
7fafd2bfd000-7fafd2c06000 r--p 0005d000 08:02 3702021                    /usr/lib/libFLAC.so.8.3.0
7fafd2c06000-7fafd2c08000 r--p 00065000 08:02 3702021                    /usr/lib/libFLAC.so.8.3.0
7fafd2c08000-7fafd2c09000 rw-p 00067000 08:02 3702021                    /usr/lib/libFLAC.so.8.3.0
7fafd2c09000-7fafd2c15000 r--p 00000000 08:02 3682165                    /usr/lib/libgcrypt.so.20.2.4
7fafd2c15000-7fafd2ce4000 r-xp 0000c000 08:02 3682165                    /usr/lib/libgcrypt.so.20.2.4
7fafd2ce4000-7fafd2d20000 r--p 000db000 08:02 3682165                    /usr/lib/libgcrypt.so.20.2.4
7fafd2d20000-7fafd2d21000 ---p 00117000 08:02 3682165                    /usr/lib/libgcrypt.so.20.2.4
7fafd2d21000-7fafd2d23000 r--p 00117000 08:02 3682165                    /usr/lib/libgcrypt.so.20.2.4
7fafd2d23000-7fafd2d28000 rw-p 00119000 08:02 3682165                    /usr/lib/libgcrypt.so.20.2.4
7fafd2d28000-7fafd2d4d000 r-xp 00000000 08:02 3682186                    /usr/lib/liblzma.so.5.2.4
7fafd2d4d000-7fafd2f4c000 ---p 00025000 08:02 3682186                    /usr/lib/liblzma.so.5.2.4
7fafd2f4c000-7fafd2f4d000 r--p 00024000 08:02 3682186                    /usr/lib/liblzma.so.5.2.4
7fafd2f4d000-7fafd2f4e000 rw-p 00025000 08:02 3682186                    /usr/lib/liblzma.so.5.2.4
7fafd2f4e000-7fafd2f55000 r--p 00000000 08:02 3702040                    /usr/lib/libsndfile.so.1.0.28
7fafd2f55000-7fafd2fa7000 r-xp 00007000 08:02 3702040                    /usr/lib/libsndfile.so.1.0.28
7fafd2fa7000-7fafd2fc4000 r--p 00059000 08:02 3702040                    /usr/lib/libsndfile.so.1.0.28
7fafd2fc4000-7fafd2fc7000 r--p 00075000 08:02 3702040                    /usr/lib/libsndfile.so.1.0.28
7fafd2fc7000-7fafd2fc8000 rw-p 00078000 08:02 3702040                    /usr/lib/libsndfile.so.1.0.28
7fafd2fc8000-7fafd2fca000 rw-p 00000000 00:00 0 
7fafd2fca000-7fafd2fd9000 r--p 00000000 08:02 3718692                    /usr/lib/libsystemd.so.0.23.0
7fafd2fd9000-7fafd3034000 r-xp 0000f000 08:02 3718692                    /usr/lib/libsystemd.so.0.23.0
7fafd3034000-7fafd3051000 r--p 0006a000 08:02 3718692                    /usr/lib/libsystemd.so.0.23.0
7fafd3051000-7fafd3054000 r--p 00086000 08:02 3718692                    /usr/lib/libsystemd.so.0.23.0
7fafd3054000-7fafd3055000 rw-p 00089000 08:02 3718692                    /usr/lib/libsystemd.so.0.23.0
7fafd3055000-7fafd3056000 rw-p 00000000 00:00 0 
7fafd3056000-7fafd30d6000 r-xp 00000000 08:02 4335678                    /usr/lib/pulseaudio/libpulsecommon-12.2.so
7fafd30d6000-7fafd32d6000 ---p 00080000 08:02 4335678                    /usr/lib/pulseaudio/libpulsecommon-12.2.so
7fafd32d6000-7fafd32d8000 r--p 00080000 08:02 4335678                    /usr/lib/pulseaudio/libpulsecommon-12.2.so
7fafd32d8000-7fafd32d9000 rw-p 00082000 08:02 4335678                    /usr/lib/pulseaudio/libpulsecommon-12.2.so
7fafd32d9000-7fafd3328000 r-xp 00000000 08:02 3702277                    /usr/lib/libpulse.so.0.20.3
7fafd3328000-7fafd3527000 ---p 0004f000 08:02 3702277                    /usr/lib/libpulse.so.0.20.3
7fafd3527000-7fafd3529000 r--p 0004e000 08:02 3702277                    /usr/lib/libpulse.so.0.20.3
7fafd3529000-7fafd352a000 rw-p 00050000 08:02 3702277                    /usr/lib/libpulse.so.0.20.3
7fafd352a000-7fafd357f000 r-xp 00000000 00:29 28603                      /tmp/libgdxexa/31ce78a2/libopenal64.so
7fafd357f000-7fafd377e000 ---p 00055000 00:29 28603                      /tmp/libgdxexa/31ce78a2/libopenal64.so
7fafd377e000-7fafd3781000 r--p 00054000 00:29 28603                      /tmp/libgdxexa/31ce78a2/libopenal64.so
7fafd3781000-7fafd3782000 rw-p 00057000 00:29 28603                      /tmp/libgdxexa/31ce78a2/libopenal64.so
7fafd3782000-7fafd3783000 rw-p 00000000 00:00 0 
7fafd3783000-7fafd3787000 r-xp 00000000 08:02 3698343                    /usr/lib/libXxf86vm.so.1.0.0
7fafd3787000-7fafd3987000 ---p 00004000 08:02 3698343                    /usr/lib/libXxf86vm.so.1.0.0
7fafd3987000-7fafd3988000 r--p 00004000 08:02 3698343                    /usr/lib/libXxf86vm.so.1.0.0
7fafd3988000-7fafd3989000 rw-p 00005000 08:02 3698343                    /usr/lib/libXxf86vm.so.1.0.0
7fafd3989000-7fafd39f9000 r-xp 00000000 00:29 28602                      /tmp/libgdxexa/31ce78a2/liblwjgl64.so
7fafd39f9000-7fafd3bf9000 ---p 00070000 00:29 28602                      /tmp/libgdxexa/31ce78a2/liblwjgl64.so
7fafd3bf9000-7fafd3bfb000 r--p 00070000 00:29 28602                      /tmp/libgdxexa/31ce78a2/liblwjgl64.so
7fafd3bfb000-7fafd3bfc000 rw-p 00072000 00:29 28602                      /tmp/libgdxexa/31ce78a2/liblwjgl64.so
7fafd3bfc000-7fafd3bfd000 r-xp 00000000 08:02 3813392                    /usr/lib/jvm/java-10-openjdk/lib/libjawt.so
7fafd3bfd000-7fafd3dfc000 ---p 00001000 08:02 3813392                    /usr/lib/jvm/java-10-openjdk/lib/libjawt.so
7fafd3dfc000-7fafd3dfd000 r--p 00000000 08:02 3813392                    /usr/lib/jvm/java-10-openjdk/lib/libjawt.so
7fafd3dfd000-7fafd3dfe000 rw-p 00001000 08:02 3813392                    /usr/lib/jvm/java-10-openjdk/lib/libjawt.so
7fafd3dfe000-7fafd3e02000 ---p 00000000 00:00 0 
7fafd3e02000-7fafd3eff000 rw-p 00000000 00:00 0 
7fafd3eff000-7fafd3f03000 ---p 00000000 00:00 0 
7fafd3f03000-7fafd4000000 rw-p 00000000 00:00 0 
7fafd4000000-7fafd4021000 rw-p 00000000 00:00 0 
7fafd4021000-7fafd8000000 ---p 00000000 00:00 0 
7fafd8000000-7fafd8021000 rw-p 00000000 00:00 0 
7fafd8021000-7fafdc000000 ---p 00000000 00:00 0 
7fafdc000000-7fafdc021000 rw-p 00000000 00:00 0 
7fafdc021000-7fafe0000000 ---p 00000000 00:00 0 
7fafe0000000-7fafe0021000 rw-p 00000000 00:00 0 
7fafe0021000-7fafe4000000 ---p 00000000 00:00 0 
7fafe401c000-7fafe401e000 r--p 00000000 08:02 3682177                    /usr/lib/liblz4.so.1.8.3
7fafe401e000-7fafe4036000 r-xp 00002000 08:02 3682177                    /usr/lib/liblz4.so.1.8.3
7fafe4036000-7fafe4039000 r--p 0001a000 08:02 3682177                    /usr/lib/liblz4.so.1.8.3
7fafe4039000-7fafe403a000 r--p 0001c000 08:02 3682177                    /usr/lib/liblz4.so.1.8.3
7fafe403a000-7fafe403b000 rw-p 0001d000 08:02 3682177                    /usr/lib/liblz4.so.1.8.3
7fafe403b000-7fafe4049000 r--p 00000000 08:02 3682382                    /usr/lib/libdbus-1.so.3.19.8
7fafe4049000-7fafe4076000 r-xp 0000e000 08:02 3682382                    /usr/lib/libdbus-1.so.3.19.8
7fafe4076000-7fafe408b000 r--p 0003b000 08:02 3682382                    /usr/lib/libdbus-1.so.3.19.8
7fafe408b000-7fafe408d000 r--p 0004f000 08:02 3682382                    /usr/lib/libdbus-1.so.3.19.8
7fafe408d000-7fafe408e000 rw-p 00051000 08:02 3682382                    /usr/lib/libdbus-1.so.3.19.8
7fafe408e000-7fafe4093000 r-xp 00000000 08:02 3698368                    /usr/lib/libXfixes.so.3.1.0
7fafe4093000-7fafe4292000 ---p 00005000 08:02 3698368                    /usr/lib/libXfixes.so.3.1.0
7fafe4292000-7fafe4293000 r--p 00004000 08:02 3698368                    /usr/lib/libXfixes.so.3.1.0
7fafe4293000-7fafe4294000 rw-p 00005000 08:02 3698368                    /usr/lib/libXfixes.so.3.1.0
7fafe4294000-7fafe429d000 r-xp 00000000 08:02 3699119                    /usr/lib/libXcursor.so.1.0.2
7fafe429d000-7fafe449c000 ---p 00009000 08:02 3699119                    /usr/lib/libXcursor.so.1.0.2
7fafe449c000-7fafe449d000 r--p 00008000 08:02 3699119                    /usr/lib/libXcursor.so.1.0.2
7fafe449d000-7fafe449e000 rw-p 00009000 08:02 3699119                    /usr/lib/libXcursor.so.1.0.2
7fafe44ae000-7fafe44b2000 ---p 00000000 00:00 0 
7fafe44b2000-7fafe44d0000 rw-p 00000000 00:00 0 
7fafe44d0000-7fafe44d1000 ---p 00000000 00:00 0 
7fafe44d1000-7fafe4cd1000 rw-p 00000000 00:00 0 
7fafe4cd1000-7fafe4cd2000 ---p 00000000 00:00 0 
7fafe4cd2000-7fafe54d2000 rw-p 00000000 00:00 0 
7fafe54d2000-7fafe54d3000 ---p 00000000 00:00 0 
7fafe54d3000-7fafe5cd3000 rw-p 00000000 00:00 0 
7fafe5cd3000-7fafe5cdd000 r--p 00000000 08:02 3682308                    /usr/lib/libblkid.so.1.1.0
7fafe5cdd000-7fafe5d11000 r-xp 0000a000 08:02 3682308                    /usr/lib/libblkid.so.1.1.0
7fafe5d11000-7fafe5d21000 r--p 0003e000 08:02 3682308                    /usr/lib/libblkid.so.1.1.0
7fafe5d21000-7fafe5d22000 ---p 0004e000 08:02 3682308                    /usr/lib/libblkid.so.1.1.0
7fafe5d22000-7fafe5d27000 r--p 0004e000 08:02 3682308                    /usr/lib/libblkid.so.1.1.0
7fafe5d27000-7fafe5d28000 rw-p 00053000 08:02 3682308                    /usr/lib/libblkid.so.1.1.0
7fafe5d28000-7fafe5d34000 r--p 00000000 08:02 3682316                    /usr/lib/libmount.so.1.1.0
7fafe5d34000-7fafe5d6f000 r-xp 0000c000 08:02 3682316                    /usr/lib/libmount.so.1.1.0
7fafe5d6f000-7fafe5d81000 r--p 00047000 08:02 3682316                    /usr/lib/libmount.so.1.1.0
7fafe5d81000-7fafe5d82000 ---p 00059000 08:02 3682316                    /usr/lib/libmount.so.1.1.0
7fafe5d82000-7fafe5d85000 r--p 00059000 08:02 3682316                    /usr/lib/libmount.so.1.1.0
7fafe5d85000-7fafe5d86000 rw-p 0005c000 08:02 3682316                    /usr/lib/libmount.so.1.1.0
7fafe5d86000-7fafe5dbb000 r--p 00000000 08:02 3685452                    /usr/lib/libgio-2.0.so.0.5800.1
7fafe5dbb000-7fafe5ea6000 r-xp 00035000 08:02 3685452                    /usr/lib/libgio-2.0.so.0.5800.1
7fafe5ea6000-7fafe5f1d000 r--p 00120000 08:02 3685452                    /usr/lib/libgio-2.0.so.0.5800.1
7fafe5f1d000-7fafe5f1e000 ---p 00197000 08:02 3685452                    /usr/lib/libgio-2.0.so.0.5800.1
7fafe5f1e000-7fafe5f25000 r--p 00197000 08:02 3685452                    /usr/lib/libgio-2.0.so.0.5800.1
7fafe5f25000-7fafe5f26000 rw-p 0019e000 08:02 3685452                    /usr/lib/libgio-2.0.so.0.5800.1
7fafe5f26000-7fafe5f28000 rw-p 00000000 00:00 0 
7fafe5f28000-7fafe5f32000 r-xp 00000000 08:02 3699194                    /usr/lib/libXrandr.so.2.2.0
7fafe5f32000-7fafe6131000 ---p 0000a000 08:02 3699194                    /usr/lib/libXrandr.so.2.2.0
7fafe6131000-7fafe6132000 r--p 00009000 08:02 3699194                    /usr/lib/libXrandr.so.2.2.0
7fafe6132000-7fafe6133000 rw-p 0000a000 08:02 3699194                    /usr/lib/libXrandr.so.2.2.0
7fafe6133000-7fafe6333000 rw-p 00000000 00:00 0 
7fafe6333000-7fafe63a4000 r-xp 00000000 08:02 3685300                    /usr/lib/libpcre.so.1.2.10
7fafe63a4000-7fafe65a3000 ---p 00071000 08:02 3685300                    /usr/lib/libpcre.so.1.2.10
7fafe65a3000-7fafe65a4000 r--p 00070000 08:02 3685300                    /usr/lib/libpcre.so.1.2.10
7fafe65a4000-7fafe65a5000 rw-p 00071000 08:02 3685300                    /usr/lib/libpcre.so.1.2.10
7fafe65a5000-7fafe65c0000 r--p 00000000 08:02 3685463                    /usr/lib/libglib-2.0.so.0.5800.1
7fafe65c0000-7fafe6643000 r-xp 0001b000 08:02 3685463                    /usr/lib/libglib-2.0.so.0.5800.1
7fafe6643000-7fafe66c5000 r--p 0009e000 08:02 3685463                    /usr/lib/libglib-2.0.so.0.5800.1
7fafe66c5000-7fafe66c6000 r--p 0011f000 08:02 3685463                    /usr/lib/libglib-2.0.so.0.5800.1
7fafe66c6000-7fafe66c7000 rw-p 00120000 08:02 3685463                    /usr/lib/libglib-2.0.so.0.5800.1
7fafe66c7000-7fafe66c8000 rw-p 00000000 00:00 0 
7fafe66c8000-7fafe66d2000 r--p 00000000 08:02 3706229                    /usr/lib/libharfbuzz.so.0.20200.0
7fafe66d2000-7fafe676a000 r-xp 0000a000 08:02 3706229                    /usr/lib/libharfbuzz.so.0.20200.0
7fafe676a000-7fafe67ab000 r--p 000a2000 08:02 3706229                    /usr/lib/libharfbuzz.so.0.20200.0
7fafe67ab000-7fafe67ac000 ---p 000e3000 08:02 3706229                    /usr/lib/libharfbuzz.so.0.20200.0
7fafe67ac000-7fafe67ad000 r--p 000e3000 08:02 3706229                    /usr/lib/libharfbuzz.so.0.20200.0
7fafe67ad000-7fafe67ae000 rw-p 000e4000 08:02 3706229                    /usr/lib/libharfbuzz.so.0.20200.0
7fafe67ae000-7fafe686f000 r-xp 00000000 08:02 3694441                    /usr/lib/libfreetype.so.6.16.1
7fafe686f000-7fafe6a6f000 ---p 000c1000 08:02 3694441                    /usr/lib/libfreetype.so.6.16.1
7fafe6a6f000-7fafe6a76000 r--p 000c1000 08:02 3694441                    /usr/lib/libfreetype.so.6.16.1
7fafe6a76000-7fafe6a77000 rw-p 000c8000 08:02 3694441                    /usr/lib/libfreetype.so.6.16.1
7fafe6a77000-7fafe6b0d000 r-xp 00000000 08:02 3813311                    /usr/lib/jvm/java-10-openjdk/lib/libfontmanager.so
7fafe6b0d000-7fafe6d0c000 ---p 00096000 08:02 3813311                    /usr/lib/jvm/java-10-openjdk/lib/libfontmanager.so
7fafe6d0c000-7fafe6d0e000 r--p 00095000 08:02 3813311                    /usr/lib/jvm/java-10-openjdk/lib/libfontmanager.so
7fafe6d0e000-7fafe6d0f000 rw-p 00097000 08:02 3813311                    /usr/lib/jvm/java-10-openjdk/lib/libfontmanager.so
7fafe6d0f000-7fafe6d14000 r-xp 00000000 08:02 3694748                    /usr/lib/libXdmcp.so.6.0.0
7fafe6d14000-7fafe6f13000 ---p 00005000 08:02 3694748                    /usr/lib/libXdmcp.so.6.0.0
7fafe6f13000-7fafe6f14000 r--p 00004000 08:02 3694748                    /usr/lib/libXdmcp.so.6.0.0
7fafe6f14000-7fafe6f15000 rw-p 00005000 08:02 3694748                    /usr/lib/libXdmcp.so.6.0.0
7fafe6f15000-7fafe6f17000 r-xp 00000000 08:02 3694759                    /usr/lib/libXau.so.6.0.0
7fafe6f17000-7fafe7117000 ---p 00002000 08:02 3694759                    /usr/lib/libXau.so.6.0.0
7fafe7117000-7fafe7118000 r--p 00002000 08:02 3694759                    /usr/lib/libXau.so.6.0.0
7fafe7118000-7fafe7119000 rw-p 00003000 08:02 3694759                    /usr/lib/libXau.so.6.0.0
7fafe7119000-7fafe7135000 r--p 00000000 08:02 3697140                    /usr/lib/libX11.so.6.3.0
7fafe7135000-7fafe71bd000 r-xp 0001c000 08:02 3697140                    /usr/lib/libX11.so.6.3.0
7fafe71bd000-7fafe7251000 r--p 000a4000 08:02 3697140                    /usr/lib/libX11.so.6.3.0
7fafe7251000-7fafe7254000 r--p 00137000 08:02 3697140                    /usr/lib/libX11.so.6.3.0
7fafe7254000-7fafe7258000 rw-p 0013a000 08:02 3697140                    /usr/lib/libX11.so.6.3.0
7fafe7258000-7fafe7269000 r-xp 00000000 08:02 3698278                    /usr/lib/libXext.so.6.4.0
7fafe7269000-7fafe7468000 ---p 00011000 08:02 3698278                    /usr/lib/libXext.so.6.4.0
7fafe7468000-7fafe7469000 r--p 00010000 08:02 3698278                    /usr/lib/libXext.so.6.4.0
7fafe7469000-7fafe746a000 rw-p 00011000 08:02 3698278                    /usr/lib/libXext.so.6.4.0
7fafe746a000-7fafe74c7000 r-xp 00000000 08:02 3813391                    /usr/lib/jvm/java-10-openjdk/lib/libawt_xawt.so
7fafe74c7000-7fafe76c7000 ---p 0005d000 08:02 3813391                    /usr/lib/jvm/java-10-openjdk/lib/libawt_xawt.so
7fafe76c7000-7fafe76c8000 r--p 0005d000 08:02 3813391                    /usr/lib/jvm/java-10-openjdk/lib/libawt_xawt.so
7fafe76c8000-7fafe76ca000 rw-p 0005e000 08:02 3813391                    /usr/lib/jvm/java-10-openjdk/lib/libawt_xawt.so
7fafe76ca000-7fafe76cc000 rw-p 00000000 00:00 0 
7fafe76cc000-7fafe776c000 r-xp 00000000 08:02 3813303                    /usr/lib/jvm/java-10-openjdk/lib/libawt.so
7fafe776c000-7fafe796c000 ---p 000a0000 08:02 3813303                    /usr/lib/jvm/java-10-openjdk/lib/libawt.so
7fafe796c000-7fafe796d000 r--p 000a0000 08:02 3813303                    /usr/lib/jvm/java-10-openjdk/lib/libawt.so
7fafe796d000-7fafe7978000 rw-p 000a1000 08:02 3813303                    /usr/lib/jvm/java-10-openjdk/lib/libawt.so
7fafe7978000-7fafe799d000 rw-p 00000000 00:00 0 
7fafe799d000-7fafe79d5000 r-xp 00000000 00:29 28599                      /tmp/libgdxexa/b793cc16/libgdx64.so
7fafe79d5000-7fafe7bd4000 ---p 00038000 00:29 28599                      /tmp/libgdxexa/b793cc16/libgdx64.so
7fafe7bd4000-7fafe7bd5000 r--p 00037000 00:29 28599                      /tmp/libgdxexa/b793cc16/libgdx64.so
7fafe7bd5000-7fafe7bd6000 rw-p 00038000 00:29 28599                      /tmp/libgdxexa/b793cc16/libgdx64.so
7fafe7bd6000-7fafe7bed000 r-xp 00000000 08:02 3813347                    /usr/lib/jvm/java-10-openjdk/lib/libnet.so
7fafe7bed000-7fafe7dec000 ---p 00017000 08:02 3813347                    /usr/lib/jvm/java-10-openjdk/lib/libnet.so
7fafe7dec000-7fafe7ded000 r--p 00016000 08:02 3813347                    /usr/lib/jvm/java-10-openjdk/lib/libnet.so
7fafe7ded000-7fafe7dee000 rw-p 00017000 08:02 3813347                    /usr/lib/jvm/java-10-openjdk/lib/libnet.so
7fafe7dee000-7fafe7dff000 r-xp 00000000 08:02 3813349                    /usr/lib/jvm/java-10-openjdk/lib/libnio.so
7fafe7dff000-7fafe7ffe000 ---p 00011000 08:02 3813349                    /usr/lib/jvm/java-10-openjdk/lib/libnio.so
7fafe7ffe000-7fafe7fff000 r--p 00010000 08:02 3813349                    /usr/lib/jvm/java-10-openjdk/lib/libnio.so
7fafe7fff000-7fafe8000000 rw-p 00011000 08:02 3813349                    /usr/lib/jvm/java-10-openjdk/lib/libnio.so
7fafe8000000-7fafe8021000 rw-p 00000000 00:00 0 
7fafe8021000-7fafec000000 ---p 00000000 00:00 0 
7fafec000000-7fafec021000 rw-p 00000000 00:00 0 
7fafec021000-7faff0000000 ---p 00000000 00:00 0 
7faff0000000-7faff02a4000 rw-p 00000000 00:00 0 
7faff02a4000-7faff4000000 ---p 00000000 00:00 0 
7faff4000000-7faff4021000 rw-p 00000000 00:00 0 
7faff4021000-7faff8000000 ---p 00000000 00:00 0 
7faff8000000-7faff8b92000 rw-p 00000000 00:00 0 
7faff8b92000-7faffc000000 ---p 00000000 00:00 0 
7faffc000000-7faffc411000 rw-p 00000000 00:00 0 
7faffc411000-7fb000000000 ---p 00000000 00:00 0 
7fb000000000-7fb000021000 rw-p 00000000 00:00 0 
7fb000021000-7fb004000000 ---p 00000000 00:00 0 
7fb004000000-7fb004021000 rw-p 00000000 00:00 0 
7fb004021000-7fb008000000 ---p 00000000 00:00 0 
7fb008000000-7fb008021000 rw-p 00000000 00:00 0 
7fb008021000-7fb00c000000 ---p 00000000 00:00 0 
7fb00c000000-7fb00c021000 rw-p 00000000 00:00 0 
7fb00c021000-7fb010000000 ---p 00000000 00:00 0 
7fb010000000-7fb010021000 rw-p 00000000 00:00 0 
7fb010021000-7fb014000000 ---p 00000000 00:00 0 
7fb014000000-7fb014021000 rw-p 00000000 00:00 0 
7fb014021000-7fb018000000 ---p 00000000 00:00 0 
7fb018000000-7fb018021000 rw-p 00000000 00:00 0 
7fb018021000-7fb01c000000 ---p 00000000 00:00 0 
7fb01c000000-7fb01c021000 rw-p 00000000 00:00 0 
7fb01c021000-7fb020000000 ---p 00000000 00:00 0 
7fb020000000-7fb020021000 rw-p 00000000 00:00 0 
7fb020021000-7fb024000000 ---p 00000000 00:00 0 
7fb024000000-7fb024021000 rw-p 00000000 00:00 0 
7fb024021000-7fb028000000 ---p 00000000 00:00 0 
7fb028000000-7fb028021000 rw-p 00000000 00:00 0 
7fb028021000-7fb02c000000 ---p 00000000 00:00 0 
7fb02c000000-7fb02c021000 rw-p 00000000 00:00 0 
7fb02c021000-7fb030000000 ---p 00000000 00:00 0 
7fb030006000-7fb030008000 r--p 00000000 08:02 3713330                    /usr/lib/libuuid.so.1.3.0
7fb030008000-7fb03000c000 r-xp 00002000 08:02 3713330                    /usr/lib/libuuid.so.1.3.0
7fb03000c000-7fb03000d000 r--p 00006000 08:02 3713330                    /usr/lib/libuuid.so.1.3.0
7fb03000d000-7fb03000e000 r--p 00006000 08:02 3713330                    /usr/lib/libuuid.so.1.3.0
7fb03000e000-7fb03000f000 rw-p 00007000 08:02 3713330                    /usr/lib/libuuid.so.1.3.0
7fb03000f000-7fb030011000 r--p 00000000 08:02 3685424                    /usr/lib/libffi.so.6.0.4
7fb030011000-7fb030016000 r-xp 00002000 08:02 3685424                    /usr/lib/libffi.so.6.0.4
7fb030016000-7fb030017000 r--p 00007000 08:02 3685424                    /usr/lib/libffi.so.6.0.4
7fb030017000-7fb030018000 ---p 00008000 08:02 3685424                    /usr/lib/libffi.so.6.0.4
7fb030018000-7fb030019000 r--p 00008000 08:02 3685424                    /usr/lib/libffi.so.6.0.4
7fb030019000-7fb03001a000 rw-p 00009000 08:02 3685424                    /usr/lib/libffi.so.6.0.4
7fb03001a000-7fb03001e000 r--p 00000000 08:02 3673037                    /usr/lib/libresolv-2.28.so
7fb03001e000-7fb03002a000 r-xp 00004000 08:02 3673037                    /usr/lib/libresolv-2.28.so
7fb03002a000-7fb03002e000 r--p 00010000 08:02 3673037                    /usr/lib/libresolv-2.28.so
7fb03002e000-7fb03002f000 ---p 00014000 08:02 3673037                    /usr/lib/libresolv-2.28.so
7fb03002f000-7fb030030000 r--p 00014000 08:02 3673037                    /usr/lib/libresolv-2.28.so
7fb030030000-7fb030031000 rw-p 00015000 08:02 3673037                    /usr/lib/libresolv-2.28.so
7fb030031000-7fb030033000 rw-p 00000000 00:00 0 
7fb030033000-7fb03003e000 r--p 00000000 08:02 3685474                    /usr/lib/libgobject-2.0.so.0.5800.1
7fb03003e000-7fb030071000 r-xp 0000b000 08:02 3685474                    /usr/lib/libgobject-2.0.so.0.5800.1
7fb030071000-7fb030086000 r--p 0003e000 08:02 3685474                    /usr/lib/libgobject-2.0.so.0.5800.1
7fb030086000-7fb030087000 ---p 00053000 08:02 3685474                    /usr/lib/libgobject-2.0.so.0.5800.1
7fb030087000-7fb030088000 r--p 00053000 08:02 3685474                    /usr/lib/libgobject-2.0.so.0.5800.1
7fb030088000-7fb030089000 rw-p 00054000 08:02 3685474                    /usr/lib/libgobject-2.0.so.0.5800.1
7fb030089000-7fb03008c000 r--p 00000000 08:02 3694423                    /usr/lib/libgraphite2.so.3.2.1
7fb03008c000-7fb0300a6000 r-xp 00003000 08:02 3694423                    /usr/lib/libgraphite2.so.3.2.1
7fb0300a6000-7fb0300ab000 r--p 0001d000 08:02 3694423                    /usr/lib/libgraphite2.so.3.2.1
7fb0300ab000-7fb0300ad000 r--p 00021000 08:02 3694423                    /usr/lib/libgraphite2.so.3.2.1
7fb0300ad000-7fb0300ae000 rw-p 00023000 08:02 3694423                    /usr/lib/libgraphite2.so.3.2.1
7fb0300ae000-7fb0300b4000 r--p 00000000 08:02 3694414                    /usr/lib/libpng16.so.16.35.0
7fb0300b4000-7fb0300d8000 r-xp 00006000 08:02 3694414                    /usr/lib/libpng16.so.16.35.0
7fb0300d8000-7fb0300e4000 r--p 0002a000 08:02 3694414                    /usr/lib/libpng16.so.16.35.0
7fb0300e4000-7fb0300e5000 r--p 00035000 08:02 3694414                    /usr/lib/libpng16.so.16.35.0
7fb0300e5000-7fb0300e6000 rw-p 00036000 08:02 3694414                    /usr/lib/libpng16.so.16.35.0
7fb0300e6000-7fb0300f2000 r--p 00000000 08:02 3694826                    /usr/lib/libxcb.so.1.1.0
7fb0300f2000-7fb030105000 r-xp 0000c000 08:02 3694826                    /usr/lib/libxcb.so.1.1.0
7fb030105000-7fb03010e000 r--p 0001f000 08:02 3694826                    /usr/lib/libxcb.so.1.1.0
7fb03010e000-7fb03010f000 r--p 00027000 08:02 3694826                    /usr/lib/libxcb.so.1.1.0
7fb03010f000-7fb030110000 rw-p 00028000 08:02 3694826                    /usr/lib/libxcb.so.1.1.0
7fb030110000-7fb032300000 rw-p 00000000 00:00 0 
7fb032300000-7fb034000000 ---p 00000000 00:00 0 
7fb034000000-7fb034021000 rw-p 00000000 00:00 0 
7fb034021000-7fb038000000 ---p 00000000 00:00 0 
7fb038000000-7fb038021000 rw-p 00000000 00:00 0 
7fb038021000-7fb03c000000 ---p 00000000 00:00 0 
7fb03c000000-7fb03c021000 rw-p 00000000 00:00 0 
7fb03c021000-7fb040000000 ---p 00000000 00:00 0 
7fb040003000-7fb040005000 r--p 00000000 08:02 3676723                    /usr/lib/libbz2.so.1.0.6
7fb040005000-7fb040012000 r-xp 00002000 08:02 3676723                    /usr/lib/libbz2.so.1.0.6
7fb040012000-7fb040014000 r--p 0000f000 08:02 3676723                    /usr/lib/libbz2.so.1.0.6
7fb040014000-7fb040015000 r--p 00010000 08:02 3676723                    /usr/lib/libbz2.so.1.0.6
7fb040015000-7fb040016000 rw-p 00011000 08:02 3676723                    /usr/lib/libbz2.so.1.0.6
7fb040016000-7fb040019000 r--p 00000000 08:02 3698580                    /usr/lib/libXi.so.6.1.0
7fb040019000-7fb040024000 r-xp 00003000 08:02 3698580                    /usr/lib/libXi.so.6.1.0
7fb040024000-7fb040027000 r--p 0000e000 08:02 3698580                    /usr/lib/libXi.so.6.1.0
7fb040027000-7fb040028000 r--p 00010000 08:02 3698580                    /usr/lib/libXi.so.6.1.0
7fb040028000-7fb040029000 rw-p 00011000 08:02 3698580                    /usr/lib/libXi.so.6.1.0
7fb040029000-7fb04002b000 r--p 00000000 08:02 3699128                    /usr/lib/libXtst.so.6.1.0
7fb04002b000-7fb04002e000 r-xp 00002000 08:02 3699128                    /usr/lib/libXtst.so.6.1.0
7fb04002e000-7fb04002f000 r--p 00005000 08:02 3699128                    /usr/lib/libXtst.so.6.1.0
7fb04002f000-7fb040030000 ---p 00006000 08:02 3699128                    /usr/lib/libXtst.so.6.1.0
7fb040030000-7fb040031000 r--p 00006000 08:02 3699128                    /usr/lib/libXtst.so.6.1.0
7fb040031000-7fb040032000 rw-p 00007000 08:02 3699128                    /usr/lib/libXtst.so.6.1.0
7fb040032000-7fb040034000 r--p 00000000 08:02 3698962                    /usr/lib/libXrender.so.1.3.0
7fb040034000-7fb04003b000 r-xp 00002000 08:02 3698962                    /usr/lib/libXrender.so.1.3.0
7fb04003b000-7fb04003d000 r--p 00009000 08:02 3698962                    /usr/lib/libXrender.so.1.3.0
7fb04003d000-7fb04003e000 r--p 0000a000 08:02 3698962                    /usr/lib/libXrender.so.1.3.0
7fb04003e000-7fb04003f000 rw-p 0000b000 08:02 3698962                    /usr/lib/libXrender.so.1.3.0
7fb04004f000-7fb040051000 r--p 00000000 08:02 3702261                    /usr/lib/libasyncns.so.0.3.1
7fb040051000-7fb040054000 r-xp 00002000 08:02 3702261                    /usr/lib/libasyncns.so.0.3.1
7fb040054000-7fb040055000 r--p 00005000 08:02 3702261                    /usr/lib/libasyncns.so.0.3.1
7fb040055000-7fb040056000 r--p 00005000 08:02 3702261                    /usr/lib/libasyncns.so.0.3.1
7fb040056000-7fb040057000 rw-p 00006000 08:02 3702261                    /usr/lib/libasyncns.so.0.3.1
7fb040057000-7fb04005b000 r--p 00000000 08:02 3805867                    /usr/lib/gio/modules/libdconfsettings.so
7fb04005b000-7fb040060000 r-xp 00004000 08:02 3805867                    /usr/lib/gio/modules/libdconfsettings.so
7fb040060000-7fb040062000 r--p 00009000 08:02 3805867                    /usr/lib/gio/modules/libdconfsettings.so
7fb040062000-7fb040063000 ---p 0000b000 08:02 3805867                    /usr/lib/gio/modules/libdconfsettings.so
7fb040063000-7fb040064000 r--p 0000b000 08:02 3805867                    /usr/lib/gio/modules/libdconfsettings.so
7fb040064000-7fb040065000 rw-p 0000c000 08:02 3805867                    /usr/lib/gio/modules/libdconfsettings.so
7fb040065000-7fb040071000 r--p 00000000 08:02 3947861                    /usr/share/glib-2.0/schemas/gschemas.compiled
7fb040071000-7fb040075000 ---p 00000000 00:00 0 
7fb040075000-7fb040172000 rw-p 00000000 00:00 0 
7fb040172000-7fb040173000 ---p 00000000 00:00 0 
7fb040173000-7fb040274000 rw-p 00000000 00:00 0 
7fb040274000-7fb040278000 ---p 00000000 00:00 0 
7fb040278000-7fb040375000 rw-p 00000000 00:00 0 
7fb040375000-7fb040379000 ---p 00000000 00:00 0 
7fb040379000-7fb040476000 rw-p 00000000 00:00 0 
7fb040476000-7fb04047a000 ---p 00000000 00:00 0 
7fb04047a000-7fb040577000 rw-p 00000000 00:00 0 
7fb040577000-7fb04057b000 ---p 00000000 00:00 0 
7fb04057b000-7fb040678000 rw-p 00000000 00:00 0 
7fb040678000-7fb04067c000 ---p 00000000 00:00 0 
7fb04067c000-7fb040779000 rw-p 00000000 00:00 0 
7fb040779000-7fb04077d000 ---p 00000000 00:00 0 
7fb04077d000-7fb04087a000 rw-p 00000000 00:00 0 
7fb04087a000-7fb040bb2000 r--p 00000000 08:02 3709344                    /usr/lib/locale/locale-archive
7fb040bb2000-7fb040bb6000 ---p 00000000 00:00 0 
7fb040bb6000-7fb040cb3000 rw-p 00000000 00:00 0 
7fb040cb3000-7fb040cb7000 ---p 00000000 00:00 0 
7fb040cb7000-7fb040db4000 rw-p 00000000 00:00 0 
7fb040db4000-7fb040db5000 ---p 00000000 00:00 0 
7fb040db5000-7fb04172c000 rw-p 00000000 00:00 0 
7fb04172c000-7fb04172d000 ---p 00000000 00:00 0 
7fb04172d000-7fb04182e000 rw-p 00000000 00:00 0 
7fb04182e000-7fb04182f000 ---p 00000000 00:00 0 
7fb04182f000-7fb041930000 rw-p 00000000 00:00 0 
7fb041930000-7fb041931000 ---p 00000000 00:00 0 
7fb041931000-7fb041a32000 rw-p 00000000 00:00 0 
7fb041a32000-7fb041a33000 ---p 00000000 00:00 0 
7fb041a33000-7fb041b34000 rw-p 00000000 00:00 0 
7fb041b34000-7fb041b35000 ---p 00000000 00:00 0 
7fb041b35000-7fb041e26000 rw-p 00000000 00:00 0 
7fb041e26000-7fb043b26000 ---p 00000000 00:00 0 
7fb043b26000-7fb043d96000 rwxp 00000000 00:00 0 
7fb043d96000-7fb0440b6000 ---p 00000000 00:00 0 
7fb0440b6000-7fb044326000 rwxp 00000000 00:00 0 
7fb044326000-7fb04b5ee000 ---p 00000000 00:00 0 
7fb04b5ee000-7fb04b85e000 rwxp 00000000 00:00 0 
7fb04b85e000-7fb052b26000 ---p 00000000 00:00 0 
7fb052b26000-7fb05c000000 r--s 00000000 08:02 3813365                    /usr/lib/jvm/java-10-openjdk/lib/modules
7fb05c000000-7fb05c52e000 rw-p 00000000 00:00 0 
7fb05c52e000-7fb060000000 ---p 00000000 00:00 0 
7fb060002000-7fb060003000 r--p 00000000 08:02 1050923                    /home/exa/.config/dconf/user
7fb060003000-7fb060004000 r--s 00000000 00:33 15051                      /run/user/1000/dconf/user
7fb060004000-7fb0604bc000 rw-p 00000000 00:00 0 
7fb0604bc000-7fb0604bd000 ---p 00000000 00:00 0 
7fb0604bd000-7fb0605be000 rw-p 00000000 00:00 0 
7fb0605be000-7fb0605bf000 ---p 00000000 00:00 0 
7fb0605bf000-7fb0607bc000 rw-p 00000000 00:00 0 
7fb0607bc000-7fb060b5c000 ---p 00000000 00:00 0 
7fb060b5c000-7fb060b9a000 rw-p 00000000 00:00 0 
7fb060b9a000-7fb060f3a000 ---p 00000000 00:00 0 
7fb060f3a000-7fb060f78000 rw-p 00000000 00:00 0 
7fb060f78000-7fb061318000 ---p 00000000 00:00 0 
7fb061318000-7fb06171c000 rw-p 00000000 00:00 0 
7fb06171c000-7fb06171d000 ---p 00000000 00:00 0 
7fb06171d000-7fb06181e000 rw-p 00000000 00:00 0 
7fb06181e000-7fb06181f000 ---p 00000000 00:00 0 
7fb06181f000-7fb061920000 rw-p 00000000 00:00 0 
7fb061920000-7fb061921000 ---p 00000000 00:00 0 
7fb061921000-7fb061a22000 rw-p 00000000 00:00 0 
7fb061a22000-7fb061a23000 ---p 00000000 00:00 0 
7fb061a23000-7fb061b29000 rw-p 00000000 00:00 0 
7fb061b29000-7fb061c0f000 ---p 00000000 00:00 0 
7fb061c0f000-7fb061c14000 rw-p 00000000 00:00 0 
7fb061c14000-7fb061cfa000 ---p 00000000 00:00 0 
7fb061cfa000-7fb061cff000 r-xp 00000000 08:02 3813330                    /usr/lib/jvm/java-10-openjdk/lib/libjimage.so
7fb061cff000-7fb061efe000 ---p 00005000 08:02 3813330                    /usr/lib/jvm/java-10-openjdk/lib/libjimage.so
7fb061efe000-7fb061eff000 r--p 00004000 08:02 3813330                    /usr/lib/jvm/java-10-openjdk/lib/libjimage.so
7fb061eff000-7fb061f00000 rw-p 00005000 08:02 3813330                    /usr/lib/jvm/java-10-openjdk/lib/libjimage.so
7fb061f00000-7fb061f07000 r-xp 00000000 08:02 3813364                    /usr/lib/jvm/java-10-openjdk/lib/libzip.so
7fb061f07000-7fb062106000 ---p 00007000 08:02 3813364                    /usr/lib/jvm/java-10-openjdk/lib/libzip.so
7fb062106000-7fb062107000 r--p 00006000 08:02 3813364                    /usr/lib/jvm/java-10-openjdk/lib/libzip.so
7fb062107000-7fb062108000 rw-p 00007000 08:02 3813364                    /usr/lib/jvm/java-10-openjdk/lib/libzip.so
7fb062108000-7fb062133000 r-xp 00000000 08:02 3813323                    /usr/lib/jvm/java-10-openjdk/lib/libjava.so
7fb062133000-7fb062332000 ---p 0002b000 08:02 3813323                    /usr/lib/jvm/java-10-openjdk/lib/libjava.so
7fb062332000-7fb062333000 r--p 0002a000 08:02 3813323                    /usr/lib/jvm/java-10-openjdk/lib/libjava.so
7fb062333000-7fb062334000 rw-p 0002b000 08:02 3813323                    /usr/lib/jvm/java-10-openjdk/lib/libjava.so
7fb062334000-7fb062335000 rw-p 00000000 00:00 0 
7fb062335000-7fb062342000 r-xp 00000000 08:02 3813362                    /usr/lib/jvm/java-10-openjdk/lib/libverify.so
7fb062342000-7fb062541000 ---p 0000d000 08:02 3813362                    /usr/lib/jvm/java-10-openjdk/lib/libverify.so
7fb062541000-7fb062543000 r--p 0000c000 08:02 3813362                    /usr/lib/jvm/java-10-openjdk/lib/libverify.so
7fb062543000-7fb062544000 rw-p 0000e000 08:02 3813362                    /usr/lib/jvm/java-10-openjdk/lib/libverify.so
7fb062544000-7fb062546000 r--p 00000000 08:02 3673041                    /usr/lib/librt-2.28.so
7fb062546000-7fb06254a000 r-xp 00002000 08:02 3673041                    /usr/lib/librt-2.28.so
7fb06254a000-7fb06254c000 r--p 00006000 08:02 3673041                    /usr/lib/librt-2.28.so
7fb06254c000-7fb06254d000 r--p 00007000 08:02 3673041                    /usr/lib/librt-2.28.so
7fb06254d000-7fb06254e000 rw-p 00008000 08:02 3673041                    /usr/lib/librt-2.28.so
7fb06254e000-7fb062552000 ---p 00000000 00:00 0 
7fb062552000-7fb06264f000 rw-p 00000000 00:00 0 
7fb06264f000-7fb062652000 r--p 00000000 08:02 3673737                    /usr/lib/libgcc_s.so.1
7fb062652000-7fb062663000 r-xp 00003000 08:02 3673737                    /usr/lib/libgcc_s.so.1
7fb062663000-7fb062666000 r--p 00014000 08:02 3673737                    /usr/lib/libgcc_s.so.1
7fb062666000-7fb062667000 ---p 00017000 08:02 3673737                    /usr/lib/libgcc_s.so.1
7fb062667000-7fb062668000 r--p 00017000 08:02 3673737                    /usr/lib/libgcc_s.so.1
7fb062668000-7fb062669000 rw-p 00018000 08:02 3673737                    /usr/lib/libgcc_s.so.1
7fb062669000-7fb062676000 r--p 00000000 08:02 3672987                    /usr/lib/libm-2.28.so
7fb062676000-7fb062717000 r-xp 0000d000 08:02 3672987                    /usr/lib/libm-2.28.so
7fb062717000-7fb0627ec000 r--p 000ae000 08:02 3672987                    /usr/lib/libm-2.28.so
7fb0627ec000-7fb0627ed000 r--p 00182000 08:02 3672987                    /usr/lib/libm-2.28.so
7fb0627ed000-7fb0627ee000 rw-p 00183000 08:02 3672987                    /usr/lib/libm-2.28.so
7fb0627ee000-7fb062877000 r--p 00000000 08:02 3673773                    /usr/lib/libstdc++.so.6.0.25
7fb062877000-7fb06292f000 r-xp 00089000 08:02 3673773                    /usr/lib/libstdc++.so.6.0.25
7fb06292f000-7fb06296c000 r--p 00141000 08:02 3673773                    /usr/lib/libstdc++.so.6.0.25
7fb06296c000-7fb06296d000 ---p 0017e000 08:02 3673773                    /usr/lib/libstdc++.so.6.0.25
7fb06296d000-7fb062979000 r--p 0017e000 08:02 3673773                    /usr/lib/libstdc++.so.6.0.25
7fb062979000-7fb06297a000 rw-p 0018a000 08:02 3673773                    /usr/lib/libstdc++.so.6.0.25
7fb06297a000-7fb06297d000 rw-p 00000000 00:00 0 
7fb06297d000-7fb0638ca000 r-xp 00000000 08:02 3813377                    /usr/lib/jvm/java-10-openjdk/lib/server/libjvm.so
7fb0638ca000-7fb063aca000 ---p 00f4d000 08:02 3813377                    /usr/lib/jvm/java-10-openjdk/lib/server/libjvm.so
7fb063aca000-7fb063b8f000 r--p 00f4d000 08:02 3813377                    /usr/lib/jvm/java-10-openjdk/lib/server/libjvm.so
7fb063b8f000-7fb063bc7000 rw-p 01012000 08:02 3813377                    /usr/lib/jvm/java-10-openjdk/lib/server/libjvm.so
7fb063bc7000-7fb063c12000 rw-p 00000000 00:00 0 
7fb063c12000-7fb063c18000 r--p 00000000 08:02 3673032                    /usr/lib/libpthread-2.28.so
7fb063c18000-7fb063c27000 r-xp 00006000 08:02 3673032                    /usr/lib/libpthread-2.28.so
7fb063c27000-7fb063c2d000 r--p 00015000 08:02 3673032                    /usr/lib/libpthread-2.28.so
7fb063c2d000-7fb063c2e000 r--p 0001a000 08:02 3673032                    /usr/lib/libpthread-2.28.so
7fb063c2e000-7fb063c2f000 rw-p 0001b000 08:02 3673032                    /usr/lib/libpthread-2.28.so
7fb063c2f000-7fb063c33000 rw-p 00000000 00:00 0 
7fb063c33000-7fb063c34000 r--p 00000000 08:02 3672978                    /usr/lib/libdl-2.28.so
7fb063c34000-7fb063c35000 r-xp 00001000 08:02 3672978                    /usr/lib/libdl-2.28.so
7fb063c35000-7fb063c36000 r--p 00002000 08:02 3672978                    /usr/lib/libdl-2.28.so
7fb063c36000-7fb063c37000 r--p 00002000 08:02 3672978                    /usr/lib/libdl-2.28.so
7fb063c37000-7fb063c38000 rw-p 00003000 08:02 3672978                    /usr/lib/libdl-2.28.so
7fb063c38000-7fb063c4e000 r-xp 00000000 08:02 3682625                    /usr/lib/libz.so.1.2.11
7fb063c4e000-7fb063e4d000 ---p 00016000 08:02 3682625                    /usr/lib/libz.so.1.2.11
7fb063e4d000-7fb063e4e000 r--p 00015000 08:02 3682625                    /usr/lib/libz.so.1.2.11
7fb063e4e000-7fb063e4f000 rw-p 00016000 08:02 3682625                    /usr/lib/libz.so.1.2.11
7fb063e4f000-7fb063e71000 r--p 00000000 08:02 3672965                    /usr/lib/libc-2.28.so
7fb063e71000-7fb063fbc000 r-xp 00022000 08:02 3672965                    /usr/lib/libc-2.28.so
7fb063fbc000-7fb064008000 r--p 0016d000 08:02 3672965                    /usr/lib/libc-2.28.so
7fb064008000-7fb064009000 ---p 001b9000 08:02 3672965                    /usr/lib/libc-2.28.so
7fb064009000-7fb06400d000 r--p 001b9000 08:02 3672965                    /usr/lib/libc-2.28.so
7fb06400d000-7fb06400f000 rw-p 001bd000 08:02 3672965                    /usr/lib/libc-2.28.so
7fb06400f000-7fb064013000 rw-p 00000000 00:00 0 
7fb064013000-7fb064014000 r--p 00000000 08:02 3685470                    /usr/lib/libgmodule-2.0.so.0.5800.1
7fb064014000-7fb064016000 r-xp 00001000 08:02 3685470                    /usr/lib/libgmodule-2.0.so.0.5800.1
7fb064016000-7fb064017000 r--p 00003000 08:02 3685470                    /usr/lib/libgmodule-2.0.so.0.5800.1
7fb064017000-7fb064018000 r--p 00003000 08:02 3685470                    /usr/lib/libgmodule-2.0.so.0.5800.1
7fb064018000-7fb064019000 rw-p 00004000 08:02 3685470                    /usr/lib/libgmodule-2.0.so.0.5800.1
7fb064019000-7fb06401f000 rw-p 00000000 00:00 0 
7fb06401f000-7fb064026000 ---p 00000000 00:00 0 
7fb064026000-7fb06402e000 rw-s 00000000 00:29 138011                     /tmp/hsperfdata_exa/6825
7fb06402e000-7fb064031000 r--p 00000000 08:02 3673023                    /usr/lib/libnss_files-2.28.so
7fb064031000-7fb064038000 r-xp 00003000 08:02 3673023                    /usr/lib/libnss_files-2.28.so
7fb064038000-7fb06403b000 r--p 0000a000 08:02 3673023                    /usr/lib/libnss_files-2.28.so
7fb06403b000-7fb06403c000 r--p 0000c000 08:02 3673023                    /usr/lib/libnss_files-2.28.so
7fb06403c000-7fb06403d000 rw-p 0000d000 08:02 3673023                    /usr/lib/libnss_files-2.28.so
7fb06403d000-7fb064043000 rw-p 00000000 00:00 0 
7fb064043000-7fb064044000 ---p 00000000 00:00 0 
7fb064044000-7fb064045000 r--p 00000000 00:00 0 
7fb064045000-7fb064053000 r-xp 00000000 08:02 3813299                    /usr/lib/jvm/java-10-openjdk/lib/jli/libjli.so
7fb064053000-7fb064252000 ---p 0000e000 08:02 3813299                    /usr/lib/jvm/java-10-openjdk/lib/jli/libjli.so
7fb064252000-7fb064253000 r--p 0000d000 08:02 3813299                    /usr/lib/jvm/java-10-openjdk/lib/jli/libjli.so
7fb064253000-7fb064254000 rw-p 0000e000 08:02 3813299                    /usr/lib/jvm/java-10-openjdk/lib/jli/libjli.so
7fb064254000-7fb064256000 rw-p 00000000 00:00 0 
7fb064256000-7fb064259000 r--p 00000000 00:00 0                          [vvar]
7fb064259000-7fb06425b000 r-xp 00000000 00:00 0                          [vdso]
7fb06425b000-7fb06425d000 r--p 00000000 08:02 3672951                    /usr/lib/ld-2.28.so
7fb06425d000-7fb06427c000 r-xp 00002000 08:02 3672951                    /usr/lib/ld-2.28.so
7fb06427c000-7fb064284000 r--p 00021000 08:02 3672951                    /usr/lib/ld-2.28.so
7fb064284000-7fb064285000 r--p 00028000 08:02 3672951                    /usr/lib/ld-2.28.so
7fb064285000-7fb064286000 rw-p 00029000 08:02 3672951                    /usr/lib/ld-2.28.so
7fb064286000-7fb064287000 rw-p 00000000 00:00 0 
7ffc60dd9000-7ffc60dfb000 rw-p 00000000 00:00 0                          [stack]


VM Arguments:
jvm_args: -Dfile.encoding=UTF-8 -Duser.country=US -Duser.language=en -Duser.variant 
java_command: com.github.lhrb.nemo.desktop.DesktopLauncher
java_class_path (initial): /home/exa/workspace/swe08/desktop/build/classes/java/main:/home/exa/workspace/swe08/desktop/build/resources/main:/home/exa/workspace/swe08/core/build/libs/core-1.0.jar:/home/exa/.gradle/caches/modules-2/files-2.1/com.badlogicgames.gdx/gdx-backend-lwjgl/1.9.8/b7c138f14ed67ad830ae7597da3d86ae02b20eee/gdx-backend-lwjgl-1.9.8.jar:/home/exa/.gradle/caches/modules-2/files-2.1/com.badlogicgames.gdx/gdx-platform/1.9.8/604a2ef2c7c92a5900114757cbd3fb4dcbb8270c/gdx-platform-1.9.8-natives-desktop.jar:/home/exa/.gradle/caches/modules-2/files-2.1/com.badlogicgames.gdx/gdx-box2d-platform/1.9.8/3195b56f82751d7cd7de85edb6824d17bf479781/gdx-box2d-platform-1.9.8-natives-desktop.jar:/home/exa/.gradle/caches/modules-2/files-2.1/com.badlogicgames.gdx/gdx-freetype-platform/1.9.8/b21a8def0c70ec49ea5e2658e788b7a9177399f8/gdx-freetype-platform-1.9.8-natives-desktop.jar:/home/exa/.gradle/caches/modules-2/files-2.1/com.badlogicgames.gdx/gdx-box2d/1.9.8/6f0497b7958216464101adfb7bdc3a0f7b88d6d3/gdx-box2d-1.9.8.jar:/home/exa/.gradle/caches/modules-2/files-2.1/com.badlogicgames.gdx/gdx-freetype/1.9.8/d92b5b8beab10e3b3c0dd836d4fc186f95e7ea4b/gdx-freetype-1.9.8.jar:/home/exa/.gradle/caches/modules-2/files-2.1/com.badlogicgames.gdx/gdx/1.9.8/a35a0076fbce873f9c2d5a1a1c8066244231bb3c/gdx-1.9.8.jar:/home/exa/.gradle/caches/modules-2/files-2.1/org.lwjgl.lwjgl/lwjgl_util/2.9.2/4b9e37300a87799856e0bd15ed81663cdb6b0947/lwjgl_util-2.9.2.jar:/home/exa/.gradle/caches/modules-2/files-2.1/org.lwjgl.lwjgl/lwjgl/2.9.2/a9d80fe5935c7a9149f6584d9777cfd471f65489/lwjgl-2.9.2.jar:/home/exa/.gradle/caches/modules-2/files-2.1/com.badlogicgames.jlayer/jlayer/1.0.1-gdx/7cca83cec5c1b2f011362f4d85aabd71a73b049d/jlayer-1.0.1-gdx.jar:/home/exa/.gradle/caches/modules-2/files-2.1/org.jcraft/jorbis/0.0.17/8872d22b293e8f5d7d56ff92be966e6dc28ebdc6/jorbis-0.0.17.jar:/home/exa/.gradle/caches/modules-2/files-2.1/org.lwjgl.lwjgl/lwjgl-platform/2.9.2/510c7d317f5e9e700b9cfaac5fd38bdebf0702e0/lwjgl-platform-2.9
Launcher Type: SUN_STANDARD

Logging:
Log output configuration:
#0: stdout all=warning uptime,level,tags
#1: stderr all=off uptime,level,tags

Environment Variables:
PATH=/usr/local/bin:/usr/bin:/bin:/usr/local/sbin:/opt/cuda/bin:/usr/lib/jvm/default/bin:/usr/bin/site_perl:/usr/bin/vendor_perl:/usr/bin/core_perl:/home/exa/.fzf/bin
SHELL=/bin/zsh
DISPLAY=:0.0

Signal Handlers:
SIGSEGV: [libjvm.so+0xd091e0], sa_mask[0]=11111111011111111101111111111110, sa_flags=SA_RESTART|SA_SIGINFO
SIGBUS: [libjvm.so+0xd091e0], sa_mask[0]=11111111011111111101111111111110, sa_flags=SA_RESTART|SA_SIGINFO
SIGFPE: [libjvm.so+0xd091e0], sa_mask[0]=11111111011111111101111111111110, sa_flags=SA_RESTART|SA_SIGINFO
SIGPIPE: SIG_IGN, sa_mask[0]=00000000000010000000000000000000, sa_flags=SA_RESTART
SIGXFSZ: [libjvm.so+0xb1ff30], sa_mask[0]=11111111011111111101111111111110, sa_flags=SA_RESTART|SA_SIGINFO
SIGILL: [libjvm.so+0xd091e0], sa_mask[0]=11111111011111111101111111111110, sa_flags=SA_RESTART|SA_SIGINFO
SIGUSR2: [libjvm.so+0xb1fc40], sa_mask[0]=00100000000000000000000000000000, sa_flags=SA_RESTART|SA_SIGINFO
SIGHUP: [libjvm.so+0xb1fdd0], sa_mask[0]=11111111011111111101111111111110, sa_flags=SA_RESTART|SA_SIGINFO
SIGINT: [libjvm.so+0xb1fdd0], sa_mask[0]=11111111011111111101111111111110, sa_flags=SA_RESTART|SA_SIGINFO
SIGTERM: [libjvm.so+0xb1fdd0], sa_mask[0]=11111111011111111101111111111110, sa_flags=SA_RESTART|SA_SIGINFO
SIGQUIT: [libjvm.so+0xb1fdd0], sa_mask[0]=11111111011111111101111111111110, sa_flags=SA_RESTART|SA_SIGINFO


---------------  S Y S T E M  ---------------

OS:NAME="Arch Linux"
PRETTY_NAME="Arch Linux"
ID=arch
ID_LIKE=archlinux
ANSI_COLOR="0;36"
HOME_URL="https://www.archlinux.org/"
SUPPORT_URL="https://bbs.archlinux.org/"
BUG_REPORT_URL="https://bugs.archlinux.org/"
uname:Linux 4.19.4-arch1-1-ARCH #1 SMP PREEMPT Fri Nov 23 09:06:58 UTC 2018 x86_64
libc:glibc 2.28 NPTL 2.28 
rlimit: STACK 8192k, CORE infinity, NPROC 30844, NOFILE 4096, AS infinity, DATA infinity, FSIZE infinity
load average:0.12 0.34 0.28

/proc/meminfo:
MemTotal:        8103488 kB
MemFree:          718728 kB
MemAvailable:    5758100 kB
Buffers:          127720 kB
Cached:          5188752 kB
SwapCached:            0 kB
Active:          2990128 kB
Inactive:        3932928 kB
Active(anon):    1608944 kB
Inactive(anon):   226320 kB
Active(file):    1381184 kB
Inactive(file):  3706608 kB
Unevictable:          96 kB
Mlocked:              96 kB
SwapTotal:             0 kB
SwapFree:              0 kB
Dirty:               256 kB
Writeback:             0 kB
AnonPages:       1606780 kB
Mapped:           621080 kB
Shmem:            228684 kB
Slab:             308360 kB
SReclaimable:     254900 kB
SUnreclaim:        53460 kB
KernelStack:        9264 kB
PageTables:        19572 kB
NFS_Unstable:          0 kB
Bounce:                0 kB
WritebackTmp:          0 kB
CommitLimit:     4051744 kB
Committed_AS:    4733820 kB
VmallocTotal:   34359738367 kB
VmallocUsed:           0 kB
VmallocChunk:          0 kB
Percpu:             1264 kB
HardwareCorrupted:     0 kB
AnonHugePages:         0 kB
ShmemHugePages:        0 kB
ShmemPmdMapped:        0 kB
HugePages_Total:       0
HugePages_Free:        0
HugePages_Rsvd:        0
HugePages_Surp:        0
Hugepagesize:       2048 kB
Hugetlb:               0 kB
DirectMap4k:      210636 kB
DirectMap2M:     8116224 kB

container (cgroup) information:
container_type: cgroupv1
cpu_cpuset_cpus: 0-3
cpu_memory_nodes: 0
active_processor_count: 4
cpu_quota: -1
cpu_period: 100000
cpu_shares: -1
memory_limit_in_bytes: -1
memory_and_swap_limit_in_bytes: -1
memory_soft_limit_in_bytes: -1
memory_usage_in_bytes: 6797574144
memory_max_usage_in_bytes: 6812393472


CPU:total 4 (initial active 4) (4 cores per cpu, 1 threads per core) family 6 model 58 stepping 9, cmov, cx8, fxsr, mmx, sse, sse2, sse3, ssse3, sse4.1, sse4.2, popcnt, avx, aes, clmul, erms, tsc, tscinvbit, tscinv
CPU Model and flags from /proc/cpuinfo:
model name	: Intel(R) Core(TM) i5-3450 CPU @ 3.10GHz
flags		: fpu vme de pse tsc msr pae mce cx8 apic sep mtrr pge mca cmov pat pse36 clflush dts acpi mmx fxsr sse sse2 ss ht tm pbe syscall nx rdtscp lm constant_tsc arch_perfmon pebs bts rep_good nopl xtopology nonstop_tsc cpuid aperfmperf pni pclmulqdq dtes64 monitor ds_cpl vmx est tm2 ssse3 cx16 xtpr pdcm pcid sse4_1 sse4_2 popcnt tsc_deadline_timer aes xsave avx f16c rdrand lahf_lm cpuid_fault epb pti ssbd ibrs ibpb stibp tpr_shadow vnmi flexpriority ept vpid fsgsbase smep erms xsaveopt dtherm ida arat pln pts flush_l1d

Memory: 4k page, physical 8103488k(718728k free), swap 0k(0k free)

vm_info: OpenJDK 64-Bit Server VM (10.0.2+13) for linux-amd64 JRE (10.0.2+13), built on Jul 30 2018 22:56:03 by "builduser" with gcc 8.1.1 20180531

END.
